<?xml version="1.0" encoding="UTF-8"?>
<testsuite xmlns:xsi="http://www.w3.org/2001/XMLSchema-instance" xsi:noNamespaceSchemaLocation="https://maven.apache.org/surefire/maven-surefire-plugin/xsd/surefire-test-report.xsd" name="com.example.learnbydoing.microservices.currencyexchangeservice.CurrencyExchangeServiceApplicationTests" time="6.885" tests="1" errors="1" skipped="0" failures="0">
  <properties>
    <property name="sun.desktop" value="windows"/>
    <property name="awt.toolkit" value="sun.awt.windows.WToolkit"/>
    <property name="java.specification.version" value="11"/>
    <property name="sun.cpu.isalist" value="amd64"/>
    <property name="sun.jnu.encoding" value="Cp1252"/>
    <property name="java.class.path" value="C:\LearnByDoing\currency-exchange-service\target\test-classes;C:\LearnByDoing\currency-exchange-service\target\classes;C:\Users\alomishra\.m2\repository\org\springframework\boot\spring-boot-starter-actuator\2.2.0.M3\spring-boot-starter-actuator-2.2.0.M3.jar;C:\Users\alomishra\.m2\repository\org\springframework\boot\spring-boot-starter\2.2.0.M3\spring-boot-starter-2.2.0.M3.jar;C:\Users\alomishra\.m2\repository\org\springframework\boot\spring-boot-starter-logging\2.2.0.M3\spring-boot-starter-logging-2.2.0.M3.jar;C:\Users\alomishra\.m2\repository\ch\qos\logback\logback-classic\1.2.3\logback-classic-1.2.3.jar;C:\Users\alomishra\.m2\repository\ch\qos\logback\logback-core\1.2.3\logback-core-1.2.3.jar;C:\Users\alomishra\.m2\repository\org\apache\logging\log4j\log4j-to-slf4j\2.11.2\log4j-to-slf4j-2.11.2.jar;C:\Users\alomishra\.m2\repository\org\apache\logging\log4j\log4j-api\2.11.2\log4j-api-2.11.2.jar;C:\Users\alomishra\.m2\repository\org\slf4j\jul-to-slf4j\1.7.26\jul-to-slf4j-1.7.26.jar;C:\Users\alomishra\.m2\repository\jakarta\annotation\jakarta.annotation-api\1.3.4\jakarta.annotation-api-1.3.4.jar;C:\Users\alomishra\.m2\repository\org\yaml\snakeyaml\1.24\snakeyaml-1.24.jar;C:\Users\alomishra\.m2\repository\org\springframework\boot\spring-boot-actuator-autoconfigure\2.2.0.M3\spring-boot-actuator-autoconfigure-2.2.0.M3.jar;C:\Users\alomishra\.m2\repository\org\springframework\boot\spring-boot-actuator\2.2.0.M3\spring-boot-actuator-2.2.0.M3.jar;C:\Users\alomishra\.m2\repository\org\springframework\spring-context\5.2.0.M2\spring-context-5.2.0.M2.jar;C:\Users\alomishra\.m2\repository\com\fasterxml\jackson\datatype\jackson-datatype-jsr310\2.9.8\jackson-datatype-jsr310-2.9.8.jar;C:\Users\alomishra\.m2\repository\io\micrometer\micrometer-core\1.1.4\micrometer-core-1.1.4.jar;C:\Users\alomishra\.m2\repository\org\hdrhistogram\HdrHistogram\2.1.9\HdrHistogram-2.1.9.jar;C:\Users\alomishra\.m2\repository\org\latencyutils\LatencyUtils\2.0.3\LatencyUtils-2.0.3.jar;C:\Users\alomishra\.m2\repository\org\springframework\boot\spring-boot-starter-data-jpa\2.2.0.M3\spring-boot-starter-data-jpa-2.2.0.M3.jar;C:\Users\alomishra\.m2\repository\org\springframework\boot\spring-boot-starter-aop\2.2.0.M3\spring-boot-starter-aop-2.2.0.M3.jar;C:\Users\alomishra\.m2\repository\org\springframework\spring-aop\5.2.0.M2\spring-aop-5.2.0.M2.jar;C:\Users\alomishra\.m2\repository\org\aspectj\aspectjweaver\1.9.4\aspectjweaver-1.9.4.jar;C:\Users\alomishra\.m2\repository\org\springframework\boot\spring-boot-starter-jdbc\2.2.0.M3\spring-boot-starter-jdbc-2.2.0.M3.jar;C:\Users\alomishra\.m2\repository\com\zaxxer\HikariCP\3.3.1\HikariCP-3.3.1.jar;C:\Users\alomishra\.m2\repository\org\springframework\spring-jdbc\5.2.0.M2\spring-jdbc-5.2.0.M2.jar;C:\Users\alomishra\.m2\repository\jakarta\activation\jakarta.activation-api\1.2.1\jakarta.activation-api-1.2.1.jar;C:\Users\alomishra\.m2\repository\jakarta\persistence\jakarta.persistence-api\2.2.2\jakarta.persistence-api-2.2.2.jar;C:\Users\alomishra\.m2\repository\jakarta\transaction\jakarta.transaction-api\1.3.2\jakarta.transaction-api-1.3.2.jar;C:\Users\alomishra\.m2\repository\org\hibernate\hibernate-core\5.4.2.Final\hibernate-core-5.4.2.Final.jar;C:\Users\alomishra\.m2\repository\org\jboss\logging\jboss-logging\3.3.2.Final\jboss-logging-3.3.2.Final.jar;C:\Users\alomishra\.m2\repository\org\javassist\javassist\3.24.0-GA\javassist-3.24.0-GA.jar;C:\Users\alomishra\.m2\repository\net\bytebuddy\byte-buddy\1.9.12\byte-buddy-1.9.12.jar;C:\Users\alomishra\.m2\repository\antlr\antlr\2.7.7\antlr-2.7.7.jar;C:\Users\alomishra\.m2\repository\org\jboss\jandex\2.0.5.Final\jandex-2.0.5.Final.jar;C:\Users\alomishra\.m2\repository\com\fasterxml\classmate\1.5.0\classmate-1.5.0.jar;C:\Users\alomishra\.m2\repository\org\dom4j\dom4j\2.1.1\dom4j-2.1.1.jar;C:\Users\alomishra\.m2\repository\org\hibernate\common\hibernate-commons-annotations\5.1.0.Final\hibernate-commons-annotations-5.1.0.Final.jar;C:\Users\alomishra\.m2\repository\org\glassfish\jaxb\jaxb-runtime\2.3.2\jaxb-runtime-2.3.2.jar;C:\Users\alomishra\.m2\repository\org\glassfish\jaxb\txw2\2.3.2\txw2-2.3.2.jar;C:\Users\alomishra\.m2\repository\com\sun\istack\istack-commons-runtime\3.0.8\istack-commons-runtime-3.0.8.jar;C:\Users\alomishra\.m2\repository\org\jvnet\staxex\stax-ex\1.8.1\stax-ex-1.8.1.jar;C:\Users\alomishra\.m2\repository\com\sun\xml\fastinfoset\FastInfoset\1.2.16\FastInfoset-1.2.16.jar;C:\Users\alomishra\.m2\repository\org\springframework\data\spring-data-jpa\2.2.0.M4\spring-data-jpa-2.2.0.M4.jar;C:\Users\alomishra\.m2\repository\org\springframework\data\spring-data-commons\2.2.0.M4\spring-data-commons-2.2.0.M4.jar;C:\Users\alomishra\.m2\repository\org\springframework\spring-orm\5.2.0.M2\spring-orm-5.2.0.M2.jar;C:\Users\alomishra\.m2\repository\org\springframework\spring-tx\5.2.0.M2\spring-tx-5.2.0.M2.jar;C:\Users\alomishra\.m2\repository\org\springframework\spring-beans\5.2.0.M2\spring-beans-5.2.0.M2.jar;C:\Users\alomishra\.m2\repository\org\slf4j\slf4j-api\1.7.26\slf4j-api-1.7.26.jar;C:\Users\alomishra\.m2\repository\org\springframework\spring-aspects\5.2.0.M2\spring-aspects-5.2.0.M2.jar;C:\Users\alomishra\.m2\repository\com\h2database\h2\1.4.199\h2-1.4.199.jar;C:\Users\alomishra\.m2\repository\org\springframework\cloud\spring-cloud-starter-netflix-eureka-client\2.2.0.BUILD-SNAPSHOT\spring-cloud-starter-netflix-eureka-client-2.2.0.BUILD-SNAPSHOT.jar;C:\Users\alomishra\.m2\repository\org\springframework\cloud\spring-cloud-starter\2.2.0.BUILD-SNAPSHOT\spring-cloud-starter-2.2.0.BUILD-SNAPSHOT.jar;C:\Users\alomishra\.m2\repository\org\springframework\cloud\spring-cloud-context\2.2.0.BUILD-SNAPSHOT\spring-cloud-context-2.2.0.BUILD-SNAPSHOT.jar;C:\Users\alomishra\.m2\repository\org\springframework\security\spring-security-crypto\5.2.0.M2\spring-security-crypto-5.2.0.M2.jar;C:\Users\alomishra\.m2\repository\org\springframework\cloud\spring-cloud-commons\2.2.0.BUILD-SNAPSHOT\spring-cloud-commons-2.2.0.BUILD-SNAPSHOT.jar;C:\Users\alomishra\.m2\repository\org\springframework\security\spring-security-rsa\1.0.7.RELEASE\spring-security-rsa-1.0.7.RELEASE.jar;C:\Users\alomishra\.m2\repository\org\bouncycastle\bcpkix-jdk15on\1.60\bcpkix-jdk15on-1.60.jar;C:\Users\alomishra\.m2\repository\org\bouncycastle\bcprov-jdk15on\1.60\bcprov-jdk15on-1.60.jar;C:\Users\alomishra\.m2\repository\org\springframework\cloud\spring-cloud-netflix-hystrix\2.2.0.BUILD-SNAPSHOT\spring-cloud-netflix-hystrix-2.2.0.BUILD-SNAPSHOT.jar;C:\Users\alomishra\.m2\repository\org\springframework\cloud\spring-cloud-netflix-eureka-client\2.2.0.BUILD-SNAPSHOT\spring-cloud-netflix-eureka-client-2.2.0.BUILD-SNAPSHOT.jar;C:\Users\alomishra\.m2\repository\com\netflix\eureka\eureka-client\1.9.13\eureka-client-1.9.13.jar;C:\Users\alomishra\.m2\repository\org\codehaus\jettison\jettison\1.3.7\jettison-1.3.7.jar;C:\Users\alomishra\.m2\repository\stax\stax-api\1.0.1\stax-api-1.0.1.jar;C:\Users\alomishra\.m2\repository\com\netflix\netflix-commons\netflix-eventbus\0.3.0\netflix-eventbus-0.3.0.jar;C:\Users\alomishra\.m2\repository\com\netflix\netflix-commons\netflix-infix\0.3.0\netflix-infix-0.3.0.jar;C:\Users\alomishra\.m2\repository\commons-jxpath\commons-jxpath\1.3\commons-jxpath-1.3.jar;C:\Users\alomishra\.m2\repository\joda-time\joda-time\2.10.2\joda-time-2.10.2.jar;C:\Users\alomishra\.m2\repository\org\antlr\antlr-runtime\3.4\antlr-runtime-3.4.jar;C:\Users\alomishra\.m2\repository\org\antlr\stringtemplate\3.2.1\stringtemplate-3.2.1.jar;C:\Users\alomishra\.m2\repository\com\google\code\gson\gson\2.8.5\gson-2.8.5.jar;C:\Users\alomishra\.m2\repository\org\apache\commons\commons-math\2.2\commons-math-2.2.jar;C:\Users\alomishra\.m2\repository\com\netflix\archaius\archaius-core\0.7.6\archaius-core-0.7.6.jar;C:\Users\alomishra\.m2\repository\com\google\guava\guava\16.0\guava-16.0.jar;C:\Users\alomishra\.m2\repository\javax\ws\rs\jsr311-api\1.1.1\jsr311-api-1.1.1.jar;C:\Users\alomishra\.m2\repository\com\netflix\servo\servo-core\0.12.21\servo-core-0.12.21.jar;C:\Users\alomishra\.m2\repository\com\sun\jersey\jersey-core\1.19.1\jersey-core-1.19.1.jar;C:\Users\alomishra\.m2\repository\com\sun\jersey\jersey-client\1.19.1\jersey-client-1.19.1.jar;C:\Users\alomishra\.m2\repository\com\sun\jersey\contribs\jersey-apache-client4\1.19.1\jersey-apache-client4-1.19.1.jar;C:\Users\alomishra\.m2\repository\org\apache\httpcomponents\httpclient\4.5.8\httpclient-4.5.8.jar;C:\Users\alomishra\.m2\repository\org\apache\httpcomponents\httpcore\4.4.11\httpcore-4.4.11.jar;C:\Users\alomishra\.m2\repository\commons-codec\commons-codec\1.12\commons-codec-1.12.jar;C:\Users\alomishra\.m2\repository\com\google\inject\guice\4.1.0\guice-4.1.0.jar;C:\Users\alomishra\.m2\repository\javax\inject\javax.inject\1\javax.inject-1.jar;C:\Users\alomishra\.m2\repository\aopalliance\aopalliance\1.0\aopalliance-1.0.jar;C:\Users\alomishra\.m2\repository\com\fasterxml\jackson\core\jackson-annotations\2.9.0\jackson-annotations-2.9.0.jar;C:\Users\alomishra\.m2\repository\com\fasterxml\jackson\core\jackson-core\2.9.8\jackson-core-2.9.8.jar;C:\Users\alomishra\.m2\repository\com\netflix\eureka\eureka-core\1.9.13\eureka-core-1.9.13.jar;C:\Users\alomishra\.m2\repository\com\fasterxml\woodstox\woodstox-core\5.2.1\woodstox-core-5.2.1.jar;C:\Users\alomishra\.m2\repository\org\codehaus\woodstox\stax2-api\4.2\stax2-api-4.2.jar;C:\Users\alomishra\.m2\repository\org\springframework\cloud\spring-cloud-starter-netflix-archaius\2.2.0.BUILD-SNAPSHOT\spring-cloud-starter-netflix-archaius-2.2.0.BUILD-SNAPSHOT.jar;C:\Users\alomishra\.m2\repository\org\springframework\cloud\spring-cloud-netflix-ribbon\2.2.0.BUILD-SNAPSHOT\spring-cloud-netflix-ribbon-2.2.0.BUILD-SNAPSHOT.jar;C:\Users\alomishra\.m2\repository\org\springframework\cloud\spring-cloud-netflix-archaius\2.2.0.BUILD-SNAPSHOT\spring-cloud-netflix-archaius-2.2.0.BUILD-SNAPSHOT.jar;C:\Users\alomishra\.m2\repository\commons-configuration\commons-configuration\1.8\commons-configuration-1.8.jar;C:\Users\alomishra\.m2\repository\commons-lang\commons-lang\2.6\commons-lang-2.6.jar;C:\Users\alomishra\.m2\repository\org\springframework\cloud\spring-cloud-starter-netflix-ribbon\2.2.0.BUILD-SNAPSHOT\spring-cloud-starter-netflix-ribbon-2.2.0.BUILD-SNAPSHOT.jar;C:\Users\alomishra\.m2\repository\com\netflix\ribbon\ribbon\2.3.0\ribbon-2.3.0.jar;C:\Users\alomishra\.m2\repository\com\netflix\ribbon\ribbon-transport\2.3.0\ribbon-transport-2.3.0.jar;C:\Users\alomishra\.m2\repository\io\reactivex\rxnetty-contexts\0.4.9\rxnetty-contexts-0.4.9.jar;C:\Users\alomishra\.m2\repository\io\reactivex\rxnetty-servo\0.4.9\rxnetty-servo-0.4.9.jar;C:\Users\alomishra\.m2\repository\com\netflix\hystrix\hystrix-core\1.5.18\hystrix-core-1.5.18.jar;C:\Users\alomishra\.m2\repository\io\reactivex\rxnetty\0.4.9\rxnetty-0.4.9.jar;C:\Users\alomishra\.m2\repository\com\netflix\ribbon\ribbon-core\2.3.0\ribbon-core-2.3.0.jar;C:\Users\alomishra\.m2\repository\com\netflix\ribbon\ribbon-httpclient\2.3.0\ribbon-httpclient-2.3.0.jar;C:\Users\alomishra\.m2\repository\commons-collections\commons-collections\3.2.2\commons-collections-3.2.2.jar;C:\Users\alomishra\.m2\repository\com\netflix\netflix-commons\netflix-commons-util\0.3.0\netflix-commons-util-0.3.0.jar;C:\Users\alomishra\.m2\repository\com\netflix\ribbon\ribbon-loadbalancer\2.3.0\ribbon-loadbalancer-2.3.0.jar;C:\Users\alomishra\.m2\repository\com\netflix\netflix-commons\netflix-statistics\0.1.1\netflix-statistics-0.1.1.jar;C:\Users\alomishra\.m2\repository\io\reactivex\rxjava\1.3.8\rxjava-1.3.8.jar;C:\Users\alomishra\.m2\repository\org\springframework\cloud\spring-cloud-starter-loadbalancer\2.2.0.BUILD-SNAPSHOT\spring-cloud-starter-loadbalancer-2.2.0.BUILD-SNAPSHOT.jar;C:\Users\alomishra\.m2\repository\org\springframework\cloud\spring-cloud-loadbalancer\2.2.0.BUILD-SNAPSHOT\spring-cloud-loadbalancer-2.2.0.BUILD-SNAPSHOT.jar;C:\Users\alomishra\.m2\repository\io\projectreactor\reactor-core\3.3.0.M1\reactor-core-3.3.0.M1.jar;C:\Users\alomishra\.m2\repository\org\reactivestreams\reactive-streams\1.0.2\reactive-streams-1.0.2.jar;C:\Users\alomishra\.m2\repository\io\projectreactor\addons\reactor-extra\3.3.0.M1\reactor-extra-3.3.0.M1.jar;C:\Users\alomishra\.m2\repository\org\springframework\boot\spring-boot-starter-cache\2.2.0.M3\spring-boot-starter-cache-2.2.0.M3.jar;C:\Users\alomishra\.m2\repository\org\springframework\spring-context-support\5.2.0.M2\spring-context-support-5.2.0.M2.jar;C:\Users\alomishra\.m2\repository\com\netflix\ribbon\ribbon-eureka\2.3.0\ribbon-eureka-2.3.0.jar;C:\Users\alomishra\.m2\repository\com\thoughtworks\xstream\xstream\1.4.11.1\xstream-1.4.11.1.jar;C:\Users\alomishra\.m2\repository\xmlpull\xmlpull\1.1.3.1\xmlpull-1.1.3.1.jar;C:\Users\alomishra\.m2\repository\xpp3\xpp3_min\1.1.4c\xpp3_min-1.1.4c.jar;C:\Users\alomishra\.m2\repository\org\springframework\boot\spring-boot-starter-web\2.2.0.M3\spring-boot-starter-web-2.2.0.M3.jar;C:\Users\alomishra\.m2\repository\org\springframework\boot\spring-boot-starter-json\2.2.0.M3\spring-boot-starter-json-2.2.0.M3.jar;C:\Users\alomishra\.m2\repository\com\fasterxml\jackson\datatype\jackson-datatype-jdk8\2.9.8\jackson-datatype-jdk8-2.9.8.jar;C:\Users\alomishra\.m2\repository\com\fasterxml\jackson\module\jackson-module-parameter-names\2.9.8\jackson-module-parameter-names-2.9.8.jar;C:\Users\alomishra\.m2\repository\org\springframework\boot\spring-boot-starter-tomcat\2.2.0.M3\spring-boot-starter-tomcat-2.2.0.M3.jar;C:\Users\alomishra\.m2\repository\org\apache\tomcat\embed\tomcat-embed-core\9.0.19\tomcat-embed-core-9.0.19.jar;C:\Users\alomishra\.m2\repository\org\apache\tomcat\embed\tomcat-embed-el\9.0.19\tomcat-embed-el-9.0.19.jar;C:\Users\alomishra\.m2\repository\org\apache\tomcat\embed\tomcat-embed-websocket\9.0.19\tomcat-embed-websocket-9.0.19.jar;C:\Users\alomishra\.m2\repository\org\springframework\boot\spring-boot-starter-validation\2.2.0.M3\spring-boot-starter-validation-2.2.0.M3.jar;C:\Users\alomishra\.m2\repository\jakarta\validation\jakarta.validation-api\2.0.1\jakarta.validation-api-2.0.1.jar;C:\Users\alomishra\.m2\repository\org\hibernate\validator\hibernate-validator\6.0.16.Final\hibernate-validator-6.0.16.Final.jar;C:\Users\alomishra\.m2\repository\org\springframework\spring-web\5.2.0.M2\spring-web-5.2.0.M2.jar;C:\Users\alomishra\.m2\repository\org\springframework\spring-webmvc\5.2.0.M2\spring-webmvc-5.2.0.M2.jar;C:\Users\alomishra\.m2\repository\org\springframework\spring-expression\5.2.0.M2\spring-expression-5.2.0.M2.jar;C:\Users\alomishra\.m2\repository\org\springframework\cloud\spring-cloud-starter-config\2.2.0.BUILD-SNAPSHOT\spring-cloud-starter-config-2.2.0.BUILD-SNAPSHOT.jar;C:\Users\alomishra\.m2\repository\org\springframework\cloud\spring-cloud-config-client\2.2.0.BUILD-SNAPSHOT\spring-cloud-config-client-2.2.0.BUILD-SNAPSHOT.jar;C:\Users\alomishra\.m2\repository\com\fasterxml\jackson\core\jackson-databind\2.9.8\jackson-databind-2.9.8.jar;C:\Users\alomishra\.m2\repository\org\springframework\boot\spring-boot-devtools\2.2.0.M3\spring-boot-devtools-2.2.0.M3.jar;C:\Users\alomishra\.m2\repository\org\springframework\boot\spring-boot\2.2.0.M3\spring-boot-2.2.0.M3.jar;C:\Users\alomishra\.m2\repository\org\springframework\boot\spring-boot-autoconfigure\2.2.0.M3\spring-boot-autoconfigure-2.2.0.M3.jar;C:\Users\alomishra\.m2\repository\org\springframework\boot\spring-boot-starter-test\2.2.0.M3\spring-boot-starter-test-2.2.0.M3.jar;C:\Users\alomishra\.m2\repository\org\springframework\boot\spring-boot-test\2.2.0.M3\spring-boot-test-2.2.0.M3.jar;C:\Users\alomishra\.m2\repository\org\springframework\boot\spring-boot-test-autoconfigure\2.2.0.M3\spring-boot-test-autoconfigure-2.2.0.M3.jar;C:\Users\alomishra\.m2\repository\com\jayway\jsonpath\json-path\2.4.0\json-path-2.4.0.jar;C:\Users\alomishra\.m2\repository\net\minidev\json-smart\2.3\json-smart-2.3.jar;C:\Users\alomishra\.m2\repository\net\minidev\accessors-smart\1.2\accessors-smart-1.2.jar;C:\Users\alomishra\.m2\repository\org\ow2\asm\asm\5.0.4\asm-5.0.4.jar;C:\Users\alomishra\.m2\repository\jakarta\xml\bind\jakarta.xml.bind-api\2.3.2\jakarta.xml.bind-api-2.3.2.jar;C:\Users\alomishra\.m2\repository\org\junit\jupiter\junit-jupiter\5.4.2\junit-jupiter-5.4.2.jar;C:\Users\alomishra\.m2\repository\org\junit\jupiter\junit-jupiter-api\5.4.2\junit-jupiter-api-5.4.2.jar;C:\Users\alomishra\.m2\repository\org\apiguardian\apiguardian-api\1.0.0\apiguardian-api-1.0.0.jar;C:\Users\alomishra\.m2\repository\org\opentest4j\opentest4j\1.1.1\opentest4j-1.1.1.jar;C:\Users\alomishra\.m2\repository\org\junit\platform\junit-platform-commons\1.4.2\junit-platform-commons-1.4.2.jar;C:\Users\alomishra\.m2\repository\org\junit\jupiter\junit-jupiter-params\5.4.2\junit-jupiter-params-5.4.2.jar;C:\Users\alomishra\.m2\repository\org\junit\jupiter\junit-jupiter-engine\5.4.2\junit-jupiter-engine-5.4.2.jar;C:\Users\alomishra\.m2\repository\org\junit\platform\junit-platform-engine\1.4.2\junit-platform-engine-1.4.2.jar;C:\Users\alomishra\.m2\repository\org\mockito\mockito-junit-jupiter\2.27.0\mockito-junit-jupiter-2.27.0.jar;C:\Users\alomishra\.m2\repository\org\assertj\assertj-core\3.12.2\assertj-core-3.12.2.jar;C:\Users\alomishra\.m2\repository\org\hamcrest\hamcrest-core\1.3\hamcrest-core-1.3.jar;C:\Users\alomishra\.m2\repository\org\hamcrest\hamcrest-library\1.3\hamcrest-library-1.3.jar;C:\Users\alomishra\.m2\repository\org\mockito\mockito-core\2.27.0\mockito-core-2.27.0.jar;C:\Users\alomishra\.m2\repository\net\bytebuddy\byte-buddy-agent\1.9.12\byte-buddy-agent-1.9.12.jar;C:\Users\alomishra\.m2\repository\org\objenesis\objenesis\2.6\objenesis-2.6.jar;C:\Users\alomishra\.m2\repository\org\skyscreamer\jsonassert\1.5.0\jsonassert-1.5.0.jar;C:\Users\alomishra\.m2\repository\com\vaadin\external\google\android-json\0.0.20131108.vaadin1\android-json-0.0.20131108.vaadin1.jar;C:\Users\alomishra\.m2\repository\org\springframework\spring-core\5.2.0.M2\spring-core-5.2.0.M2.jar;C:\Users\alomishra\.m2\repository\org\springframework\spring-jcl\5.2.0.M2\spring-jcl-5.2.0.M2.jar;C:\Users\alomishra\.m2\repository\org\springframework\spring-test\5.2.0.M2\spring-test-5.2.0.M2.jar;C:\Users\alomishra\.m2\repository\org\xmlunit\xmlunit-core\2.6.2\xmlunit-core-2.6.2.jar;"/>
    <property name="java.vm.vendor" value="Oracle Corporation"/>
    <property name="sun.arch.data.model" value="64"/>
    <property name="user.variant" value=""/>
    <property name="java.vendor.url" value="http://java.oracle.com/"/>
    <property name="user.timezone" value="America/New_York"/>
    <property name="java.vm.specification.version" value="11"/>
    <property name="os.name" value="Windows 10"/>
    <property name="sun.java.launcher" value="SUN_STANDARD"/>
    <property name="user.country" value="US"/>
    <property name="sun.boot.library.path" value="C:\Program Files\Java\jdk-11.0.4\bin"/>
    <property name="sun.java.command" value="C:\Users\ALOMIS~1\AppData\Local\Temp\surefire8915205956387375568\surefirebooter1423151574995803548.jar C:\Users\alomishra\AppData\Local\Temp\surefire8915205956387375568 2019-10-07T21-31-01_819-jvmRun1 surefire9904812016124904796tmp surefire_03532547549377229345tmp"/>
    <property name="jdk.debug" value="release"/>
    <property name="surefire.test.class.path" value="C:\LearnByDoing\currency-exchange-service\target\test-classes;C:\LearnByDoing\currency-exchange-service\target\classes;C:\Users\alomishra\.m2\repository\org\springframework\boot\spring-boot-starter-actuator\2.2.0.M3\spring-boot-starter-actuator-2.2.0.M3.jar;C:\Users\alomishra\.m2\repository\org\springframework\boot\spring-boot-starter\2.2.0.M3\spring-boot-starter-2.2.0.M3.jar;C:\Users\alomishra\.m2\repository\org\springframework\boot\spring-boot-starter-logging\2.2.0.M3\spring-boot-starter-logging-2.2.0.M3.jar;C:\Users\alomishra\.m2\repository\ch\qos\logback\logback-classic\1.2.3\logback-classic-1.2.3.jar;C:\Users\alomishra\.m2\repository\ch\qos\logback\logback-core\1.2.3\logback-core-1.2.3.jar;C:\Users\alomishra\.m2\repository\org\apache\logging\log4j\log4j-to-slf4j\2.11.2\log4j-to-slf4j-2.11.2.jar;C:\Users\alomishra\.m2\repository\org\apache\logging\log4j\log4j-api\2.11.2\log4j-api-2.11.2.jar;C:\Users\alomishra\.m2\repository\org\slf4j\jul-to-slf4j\1.7.26\jul-to-slf4j-1.7.26.jar;C:\Users\alomishra\.m2\repository\jakarta\annotation\jakarta.annotation-api\1.3.4\jakarta.annotation-api-1.3.4.jar;C:\Users\alomishra\.m2\repository\org\yaml\snakeyaml\1.24\snakeyaml-1.24.jar;C:\Users\alomishra\.m2\repository\org\springframework\boot\spring-boot-actuator-autoconfigure\2.2.0.M3\spring-boot-actuator-autoconfigure-2.2.0.M3.jar;C:\Users\alomishra\.m2\repository\org\springframework\boot\spring-boot-actuator\2.2.0.M3\spring-boot-actuator-2.2.0.M3.jar;C:\Users\alomishra\.m2\repository\org\springframework\spring-context\5.2.0.M2\spring-context-5.2.0.M2.jar;C:\Users\alomishra\.m2\repository\com\fasterxml\jackson\datatype\jackson-datatype-jsr310\2.9.8\jackson-datatype-jsr310-2.9.8.jar;C:\Users\alomishra\.m2\repository\io\micrometer\micrometer-core\1.1.4\micrometer-core-1.1.4.jar;C:\Users\alomishra\.m2\repository\org\hdrhistogram\HdrHistogram\2.1.9\HdrHistogram-2.1.9.jar;C:\Users\alomishra\.m2\repository\org\latencyutils\LatencyUtils\2.0.3\LatencyUtils-2.0.3.jar;C:\Users\alomishra\.m2\repository\org\springframework\boot\spring-boot-starter-data-jpa\2.2.0.M3\spring-boot-starter-data-jpa-2.2.0.M3.jar;C:\Users\alomishra\.m2\repository\org\springframework\boot\spring-boot-starter-aop\2.2.0.M3\spring-boot-starter-aop-2.2.0.M3.jar;C:\Users\alomishra\.m2\repository\org\springframework\spring-aop\5.2.0.M2\spring-aop-5.2.0.M2.jar;C:\Users\alomishra\.m2\repository\org\aspectj\aspectjweaver\1.9.4\aspectjweaver-1.9.4.jar;C:\Users\alomishra\.m2\repository\org\springframework\boot\spring-boot-starter-jdbc\2.2.0.M3\spring-boot-starter-jdbc-2.2.0.M3.jar;C:\Users\alomishra\.m2\repository\com\zaxxer\HikariCP\3.3.1\HikariCP-3.3.1.jar;C:\Users\alomishra\.m2\repository\org\springframework\spring-jdbc\5.2.0.M2\spring-jdbc-5.2.0.M2.jar;C:\Users\alomishra\.m2\repository\jakarta\activation\jakarta.activation-api\1.2.1\jakarta.activation-api-1.2.1.jar;C:\Users\alomishra\.m2\repository\jakarta\persistence\jakarta.persistence-api\2.2.2\jakarta.persistence-api-2.2.2.jar;C:\Users\alomishra\.m2\repository\jakarta\transaction\jakarta.transaction-api\1.3.2\jakarta.transaction-api-1.3.2.jar;C:\Users\alomishra\.m2\repository\org\hibernate\hibernate-core\5.4.2.Final\hibernate-core-5.4.2.Final.jar;C:\Users\alomishra\.m2\repository\org\jboss\logging\jboss-logging\3.3.2.Final\jboss-logging-3.3.2.Final.jar;C:\Users\alomishra\.m2\repository\org\javassist\javassist\3.24.0-GA\javassist-3.24.0-GA.jar;C:\Users\alomishra\.m2\repository\net\bytebuddy\byte-buddy\1.9.12\byte-buddy-1.9.12.jar;C:\Users\alomishra\.m2\repository\antlr\antlr\2.7.7\antlr-2.7.7.jar;C:\Users\alomishra\.m2\repository\org\jboss\jandex\2.0.5.Final\jandex-2.0.5.Final.jar;C:\Users\alomishra\.m2\repository\com\fasterxml\classmate\1.5.0\classmate-1.5.0.jar;C:\Users\alomishra\.m2\repository\org\dom4j\dom4j\2.1.1\dom4j-2.1.1.jar;C:\Users\alomishra\.m2\repository\org\hibernate\common\hibernate-commons-annotations\5.1.0.Final\hibernate-commons-annotations-5.1.0.Final.jar;C:\Users\alomishra\.m2\repository\org\glassfish\jaxb\jaxb-runtime\2.3.2\jaxb-runtime-2.3.2.jar;C:\Users\alomishra\.m2\repository\org\glassfish\jaxb\txw2\2.3.2\txw2-2.3.2.jar;C:\Users\alomishra\.m2\repository\com\sun\istack\istack-commons-runtime\3.0.8\istack-commons-runtime-3.0.8.jar;C:\Users\alomishra\.m2\repository\org\jvnet\staxex\stax-ex\1.8.1\stax-ex-1.8.1.jar;C:\Users\alomishra\.m2\repository\com\sun\xml\fastinfoset\FastInfoset\1.2.16\FastInfoset-1.2.16.jar;C:\Users\alomishra\.m2\repository\org\springframework\data\spring-data-jpa\2.2.0.M4\spring-data-jpa-2.2.0.M4.jar;C:\Users\alomishra\.m2\repository\org\springframework\data\spring-data-commons\2.2.0.M4\spring-data-commons-2.2.0.M4.jar;C:\Users\alomishra\.m2\repository\org\springframework\spring-orm\5.2.0.M2\spring-orm-5.2.0.M2.jar;C:\Users\alomishra\.m2\repository\org\springframework\spring-tx\5.2.0.M2\spring-tx-5.2.0.M2.jar;C:\Users\alomishra\.m2\repository\org\springframework\spring-beans\5.2.0.M2\spring-beans-5.2.0.M2.jar;C:\Users\alomishra\.m2\repository\org\slf4j\slf4j-api\1.7.26\slf4j-api-1.7.26.jar;C:\Users\alomishra\.m2\repository\org\springframework\spring-aspects\5.2.0.M2\spring-aspects-5.2.0.M2.jar;C:\Users\alomishra\.m2\repository\com\h2database\h2\1.4.199\h2-1.4.199.jar;C:\Users\alomishra\.m2\repository\org\springframework\cloud\spring-cloud-starter-netflix-eureka-client\2.2.0.BUILD-SNAPSHOT\spring-cloud-starter-netflix-eureka-client-2.2.0.BUILD-SNAPSHOT.jar;C:\Users\alomishra\.m2\repository\org\springframework\cloud\spring-cloud-starter\2.2.0.BUILD-SNAPSHOT\spring-cloud-starter-2.2.0.BUILD-SNAPSHOT.jar;C:\Users\alomishra\.m2\repository\org\springframework\cloud\spring-cloud-context\2.2.0.BUILD-SNAPSHOT\spring-cloud-context-2.2.0.BUILD-SNAPSHOT.jar;C:\Users\alomishra\.m2\repository\org\springframework\security\spring-security-crypto\5.2.0.M2\spring-security-crypto-5.2.0.M2.jar;C:\Users\alomishra\.m2\repository\org\springframework\cloud\spring-cloud-commons\2.2.0.BUILD-SNAPSHOT\spring-cloud-commons-2.2.0.BUILD-SNAPSHOT.jar;C:\Users\alomishra\.m2\repository\org\springframework\security\spring-security-rsa\1.0.7.RELEASE\spring-security-rsa-1.0.7.RELEASE.jar;C:\Users\alomishra\.m2\repository\org\bouncycastle\bcpkix-jdk15on\1.60\bcpkix-jdk15on-1.60.jar;C:\Users\alomishra\.m2\repository\org\bouncycastle\bcprov-jdk15on\1.60\bcprov-jdk15on-1.60.jar;C:\Users\alomishra\.m2\repository\org\springframework\cloud\spring-cloud-netflix-hystrix\2.2.0.BUILD-SNAPSHOT\spring-cloud-netflix-hystrix-2.2.0.BUILD-SNAPSHOT.jar;C:\Users\alomishra\.m2\repository\org\springframework\cloud\spring-cloud-netflix-eureka-client\2.2.0.BUILD-SNAPSHOT\spring-cloud-netflix-eureka-client-2.2.0.BUILD-SNAPSHOT.jar;C:\Users\alomishra\.m2\repository\com\netflix\eureka\eureka-client\1.9.13\eureka-client-1.9.13.jar;C:\Users\alomishra\.m2\repository\org\codehaus\jettison\jettison\1.3.7\jettison-1.3.7.jar;C:\Users\alomishra\.m2\repository\stax\stax-api\1.0.1\stax-api-1.0.1.jar;C:\Users\alomishra\.m2\repository\com\netflix\netflix-commons\netflix-eventbus\0.3.0\netflix-eventbus-0.3.0.jar;C:\Users\alomishra\.m2\repository\com\netflix\netflix-commons\netflix-infix\0.3.0\netflix-infix-0.3.0.jar;C:\Users\alomishra\.m2\repository\commons-jxpath\commons-jxpath\1.3\commons-jxpath-1.3.jar;C:\Users\alomishra\.m2\repository\joda-time\joda-time\2.10.2\joda-time-2.10.2.jar;C:\Users\alomishra\.m2\repository\org\antlr\antlr-runtime\3.4\antlr-runtime-3.4.jar;C:\Users\alomishra\.m2\repository\org\antlr\stringtemplate\3.2.1\stringtemplate-3.2.1.jar;C:\Users\alomishra\.m2\repository\com\google\code\gson\gson\2.8.5\gson-2.8.5.jar;C:\Users\alomishra\.m2\repository\org\apache\commons\commons-math\2.2\commons-math-2.2.jar;C:\Users\alomishra\.m2\repository\com\netflix\archaius\archaius-core\0.7.6\archaius-core-0.7.6.jar;C:\Users\alomishra\.m2\repository\com\google\guava\guava\16.0\guava-16.0.jar;C:\Users\alomishra\.m2\repository\javax\ws\rs\jsr311-api\1.1.1\jsr311-api-1.1.1.jar;C:\Users\alomishra\.m2\repository\com\netflix\servo\servo-core\0.12.21\servo-core-0.12.21.jar;C:\Users\alomishra\.m2\repository\com\sun\jersey\jersey-core\1.19.1\jersey-core-1.19.1.jar;C:\Users\alomishra\.m2\repository\com\sun\jersey\jersey-client\1.19.1\jersey-client-1.19.1.jar;C:\Users\alomishra\.m2\repository\com\sun\jersey\contribs\jersey-apache-client4\1.19.1\jersey-apache-client4-1.19.1.jar;C:\Users\alomishra\.m2\repository\org\apache\httpcomponents\httpclient\4.5.8\httpclient-4.5.8.jar;C:\Users\alomishra\.m2\repository\org\apache\httpcomponents\httpcore\4.4.11\httpcore-4.4.11.jar;C:\Users\alomishra\.m2\repository\commons-codec\commons-codec\1.12\commons-codec-1.12.jar;C:\Users\alomishra\.m2\repository\com\google\inject\guice\4.1.0\guice-4.1.0.jar;C:\Users\alomishra\.m2\repository\javax\inject\javax.inject\1\javax.inject-1.jar;C:\Users\alomishra\.m2\repository\aopalliance\aopalliance\1.0\aopalliance-1.0.jar;C:\Users\alomishra\.m2\repository\com\fasterxml\jackson\core\jackson-annotations\2.9.0\jackson-annotations-2.9.0.jar;C:\Users\alomishra\.m2\repository\com\fasterxml\jackson\core\jackson-core\2.9.8\jackson-core-2.9.8.jar;C:\Users\alomishra\.m2\repository\com\netflix\eureka\eureka-core\1.9.13\eureka-core-1.9.13.jar;C:\Users\alomishra\.m2\repository\com\fasterxml\woodstox\woodstox-core\5.2.1\woodstox-core-5.2.1.jar;C:\Users\alomishra\.m2\repository\org\codehaus\woodstox\stax2-api\4.2\stax2-api-4.2.jar;C:\Users\alomishra\.m2\repository\org\springframework\cloud\spring-cloud-starter-netflix-archaius\2.2.0.BUILD-SNAPSHOT\spring-cloud-starter-netflix-archaius-2.2.0.BUILD-SNAPSHOT.jar;C:\Users\alomishra\.m2\repository\org\springframework\cloud\spring-cloud-netflix-ribbon\2.2.0.BUILD-SNAPSHOT\spring-cloud-netflix-ribbon-2.2.0.BUILD-SNAPSHOT.jar;C:\Users\alomishra\.m2\repository\org\springframework\cloud\spring-cloud-netflix-archaius\2.2.0.BUILD-SNAPSHOT\spring-cloud-netflix-archaius-2.2.0.BUILD-SNAPSHOT.jar;C:\Users\alomishra\.m2\repository\commons-configuration\commons-configuration\1.8\commons-configuration-1.8.jar;C:\Users\alomishra\.m2\repository\commons-lang\commons-lang\2.6\commons-lang-2.6.jar;C:\Users\alomishra\.m2\repository\org\springframework\cloud\spring-cloud-starter-netflix-ribbon\2.2.0.BUILD-SNAPSHOT\spring-cloud-starter-netflix-ribbon-2.2.0.BUILD-SNAPSHOT.jar;C:\Users\alomishra\.m2\repository\com\netflix\ribbon\ribbon\2.3.0\ribbon-2.3.0.jar;C:\Users\alomishra\.m2\repository\com\netflix\ribbon\ribbon-transport\2.3.0\ribbon-transport-2.3.0.jar;C:\Users\alomishra\.m2\repository\io\reactivex\rxnetty-contexts\0.4.9\rxnetty-contexts-0.4.9.jar;C:\Users\alomishra\.m2\repository\io\reactivex\rxnetty-servo\0.4.9\rxnetty-servo-0.4.9.jar;C:\Users\alomishra\.m2\repository\com\netflix\hystrix\hystrix-core\1.5.18\hystrix-core-1.5.18.jar;C:\Users\alomishra\.m2\repository\io\reactivex\rxnetty\0.4.9\rxnetty-0.4.9.jar;C:\Users\alomishra\.m2\repository\com\netflix\ribbon\ribbon-core\2.3.0\ribbon-core-2.3.0.jar;C:\Users\alomishra\.m2\repository\com\netflix\ribbon\ribbon-httpclient\2.3.0\ribbon-httpclient-2.3.0.jar;C:\Users\alomishra\.m2\repository\commons-collections\commons-collections\3.2.2\commons-collections-3.2.2.jar;C:\Users\alomishra\.m2\repository\com\netflix\netflix-commons\netflix-commons-util\0.3.0\netflix-commons-util-0.3.0.jar;C:\Users\alomishra\.m2\repository\com\netflix\ribbon\ribbon-loadbalancer\2.3.0\ribbon-loadbalancer-2.3.0.jar;C:\Users\alomishra\.m2\repository\com\netflix\netflix-commons\netflix-statistics\0.1.1\netflix-statistics-0.1.1.jar;C:\Users\alomishra\.m2\repository\io\reactivex\rxjava\1.3.8\rxjava-1.3.8.jar;C:\Users\alomishra\.m2\repository\org\springframework\cloud\spring-cloud-starter-loadbalancer\2.2.0.BUILD-SNAPSHOT\spring-cloud-starter-loadbalancer-2.2.0.BUILD-SNAPSHOT.jar;C:\Users\alomishra\.m2\repository\org\springframework\cloud\spring-cloud-loadbalancer\2.2.0.BUILD-SNAPSHOT\spring-cloud-loadbalancer-2.2.0.BUILD-SNAPSHOT.jar;C:\Users\alomishra\.m2\repository\io\projectreactor\reactor-core\3.3.0.M1\reactor-core-3.3.0.M1.jar;C:\Users\alomishra\.m2\repository\org\reactivestreams\reactive-streams\1.0.2\reactive-streams-1.0.2.jar;C:\Users\alomishra\.m2\repository\io\projectreactor\addons\reactor-extra\3.3.0.M1\reactor-extra-3.3.0.M1.jar;C:\Users\alomishra\.m2\repository\org\springframework\boot\spring-boot-starter-cache\2.2.0.M3\spring-boot-starter-cache-2.2.0.M3.jar;C:\Users\alomishra\.m2\repository\org\springframework\spring-context-support\5.2.0.M2\spring-context-support-5.2.0.M2.jar;C:\Users\alomishra\.m2\repository\com\netflix\ribbon\ribbon-eureka\2.3.0\ribbon-eureka-2.3.0.jar;C:\Users\alomishra\.m2\repository\com\thoughtworks\xstream\xstream\1.4.11.1\xstream-1.4.11.1.jar;C:\Users\alomishra\.m2\repository\xmlpull\xmlpull\1.1.3.1\xmlpull-1.1.3.1.jar;C:\Users\alomishra\.m2\repository\xpp3\xpp3_min\1.1.4c\xpp3_min-1.1.4c.jar;C:\Users\alomishra\.m2\repository\org\springframework\boot\spring-boot-starter-web\2.2.0.M3\spring-boot-starter-web-2.2.0.M3.jar;C:\Users\alomishra\.m2\repository\org\springframework\boot\spring-boot-starter-json\2.2.0.M3\spring-boot-starter-json-2.2.0.M3.jar;C:\Users\alomishra\.m2\repository\com\fasterxml\jackson\datatype\jackson-datatype-jdk8\2.9.8\jackson-datatype-jdk8-2.9.8.jar;C:\Users\alomishra\.m2\repository\com\fasterxml\jackson\module\jackson-module-parameter-names\2.9.8\jackson-module-parameter-names-2.9.8.jar;C:\Users\alomishra\.m2\repository\org\springframework\boot\spring-boot-starter-tomcat\2.2.0.M3\spring-boot-starter-tomcat-2.2.0.M3.jar;C:\Users\alomishra\.m2\repository\org\apache\tomcat\embed\tomcat-embed-core\9.0.19\tomcat-embed-core-9.0.19.jar;C:\Users\alomishra\.m2\repository\org\apache\tomcat\embed\tomcat-embed-el\9.0.19\tomcat-embed-el-9.0.19.jar;C:\Users\alomishra\.m2\repository\org\apache\tomcat\embed\tomcat-embed-websocket\9.0.19\tomcat-embed-websocket-9.0.19.jar;C:\Users\alomishra\.m2\repository\org\springframework\boot\spring-boot-starter-validation\2.2.0.M3\spring-boot-starter-validation-2.2.0.M3.jar;C:\Users\alomishra\.m2\repository\jakarta\validation\jakarta.validation-api\2.0.1\jakarta.validation-api-2.0.1.jar;C:\Users\alomishra\.m2\repository\org\hibernate\validator\hibernate-validator\6.0.16.Final\hibernate-validator-6.0.16.Final.jar;C:\Users\alomishra\.m2\repository\org\springframework\spring-web\5.2.0.M2\spring-web-5.2.0.M2.jar;C:\Users\alomishra\.m2\repository\org\springframework\spring-webmvc\5.2.0.M2\spring-webmvc-5.2.0.M2.jar;C:\Users\alomishra\.m2\repository\org\springframework\spring-expression\5.2.0.M2\spring-expression-5.2.0.M2.jar;C:\Users\alomishra\.m2\repository\org\springframework\cloud\spring-cloud-starter-config\2.2.0.BUILD-SNAPSHOT\spring-cloud-starter-config-2.2.0.BUILD-SNAPSHOT.jar;C:\Users\alomishra\.m2\repository\org\springframework\cloud\spring-cloud-config-client\2.2.0.BUILD-SNAPSHOT\spring-cloud-config-client-2.2.0.BUILD-SNAPSHOT.jar;C:\Users\alomishra\.m2\repository\com\fasterxml\jackson\core\jackson-databind\2.9.8\jackson-databind-2.9.8.jar;C:\Users\alomishra\.m2\repository\org\springframework\boot\spring-boot-devtools\2.2.0.M3\spring-boot-devtools-2.2.0.M3.jar;C:\Users\alomishra\.m2\repository\org\springframework\boot\spring-boot\2.2.0.M3\spring-boot-2.2.0.M3.jar;C:\Users\alomishra\.m2\repository\org\springframework\boot\spring-boot-autoconfigure\2.2.0.M3\spring-boot-autoconfigure-2.2.0.M3.jar;C:\Users\alomishra\.m2\repository\org\springframework\boot\spring-boot-starter-test\2.2.0.M3\spring-boot-starter-test-2.2.0.M3.jar;C:\Users\alomishra\.m2\repository\org\springframework\boot\spring-boot-test\2.2.0.M3\spring-boot-test-2.2.0.M3.jar;C:\Users\alomishra\.m2\repository\org\springframework\boot\spring-boot-test-autoconfigure\2.2.0.M3\spring-boot-test-autoconfigure-2.2.0.M3.jar;C:\Users\alomishra\.m2\repository\com\jayway\jsonpath\json-path\2.4.0\json-path-2.4.0.jar;C:\Users\alomishra\.m2\repository\net\minidev\json-smart\2.3\json-smart-2.3.jar;C:\Users\alomishra\.m2\repository\net\minidev\accessors-smart\1.2\accessors-smart-1.2.jar;C:\Users\alomishra\.m2\repository\org\ow2\asm\asm\5.0.4\asm-5.0.4.jar;C:\Users\alomishra\.m2\repository\jakarta\xml\bind\jakarta.xml.bind-api\2.3.2\jakarta.xml.bind-api-2.3.2.jar;C:\Users\alomishra\.m2\repository\org\junit\jupiter\junit-jupiter\5.4.2\junit-jupiter-5.4.2.jar;C:\Users\alomishra\.m2\repository\org\junit\jupiter\junit-jupiter-api\5.4.2\junit-jupiter-api-5.4.2.jar;C:\Users\alomishra\.m2\repository\org\apiguardian\apiguardian-api\1.0.0\apiguardian-api-1.0.0.jar;C:\Users\alomishra\.m2\repository\org\opentest4j\opentest4j\1.1.1\opentest4j-1.1.1.jar;C:\Users\alomishra\.m2\repository\org\junit\platform\junit-platform-commons\1.4.2\junit-platform-commons-1.4.2.jar;C:\Users\alomishra\.m2\repository\org\junit\jupiter\junit-jupiter-params\5.4.2\junit-jupiter-params-5.4.2.jar;C:\Users\alomishra\.m2\repository\org\junit\jupiter\junit-jupiter-engine\5.4.2\junit-jupiter-engine-5.4.2.jar;C:\Users\alomishra\.m2\repository\org\junit\platform\junit-platform-engine\1.4.2\junit-platform-engine-1.4.2.jar;C:\Users\alomishra\.m2\repository\org\mockito\mockito-junit-jupiter\2.27.0\mockito-junit-jupiter-2.27.0.jar;C:\Users\alomishra\.m2\repository\org\assertj\assertj-core\3.12.2\assertj-core-3.12.2.jar;C:\Users\alomishra\.m2\repository\org\hamcrest\hamcrest-core\1.3\hamcrest-core-1.3.jar;C:\Users\alomishra\.m2\repository\org\hamcrest\hamcrest-library\1.3\hamcrest-library-1.3.jar;C:\Users\alomishra\.m2\repository\org\mockito\mockito-core\2.27.0\mockito-core-2.27.0.jar;C:\Users\alomishra\.m2\repository\net\bytebuddy\byte-buddy-agent\1.9.12\byte-buddy-agent-1.9.12.jar;C:\Users\alomishra\.m2\repository\org\objenesis\objenesis\2.6\objenesis-2.6.jar;C:\Users\alomishra\.m2\repository\org\skyscreamer\jsonassert\1.5.0\jsonassert-1.5.0.jar;C:\Users\alomishra\.m2\repository\com\vaadin\external\google\android-json\0.0.20131108.vaadin1\android-json-0.0.20131108.vaadin1.jar;C:\Users\alomishra\.m2\repository\org\springframework\spring-core\5.2.0.M2\spring-core-5.2.0.M2.jar;C:\Users\alomishra\.m2\repository\org\springframework\spring-jcl\5.2.0.M2\spring-jcl-5.2.0.M2.jar;C:\Users\alomishra\.m2\repository\org\springframework\spring-test\5.2.0.M2\spring-test-5.2.0.M2.jar;C:\Users\alomishra\.m2\repository\org\xmlunit\xmlunit-core\2.6.2\xmlunit-core-2.6.2.jar;"/>
    <property name="sun.cpu.endian" value="little"/>
    <property name="user.home" value="C:\Users\alomishra"/>
    <property name="user.language" value="en"/>
    <property name="java.specification.vendor" value="Oracle Corporation"/>
    <property name="java.version.date" value="2019-07-16"/>
    <property name="java.home" value="C:\Program Files\Java\jdk-11.0.4"/>
    <property name="file.separator" value="\"/>
    <property name="basedir" value="C:\LearnByDoing\currency-exchange-service"/>
    <property name="java.vm.compressedOopsMode" value="32-bit"/>
    <property name="line.separator" value="&#10;"/>
    <property name="java.specification.name" value="Java Platform API Specification"/>
    <property name="java.vm.specification.vendor" value="Oracle Corporation"/>
    <property name="java.awt.graphicsenv" value="sun.awt.Win32GraphicsEnvironment"/>
    <property name="surefire.real.class.path" value="C:\Users\ALOMIS~1\AppData\Local\Temp\surefire8915205956387375568\surefirebooter1423151574995803548.jar"/>
    <property name="user.script" value=""/>
    <property name="sun.management.compiler" value="HotSpot 64-Bit Tiered Compilers"/>
    <property name="java.runtime.version" value="11.0.4+10-LTS"/>
    <property name="user.name" value="alomishra"/>
    <property name="path.separator" value=";"/>
    <property name="os.version" value="10.0"/>
    <property name="java.runtime.name" value="Java(TM) SE Runtime Environment"/>
    <property name="file.encoding" value="Cp1252"/>
    <property name="java.vm.name" value="Java HotSpot(TM) 64-Bit Server VM"/>
    <property name="java.vendor.version" value="18.9"/>
    <property name="localRepository" value="C:\Users\alomishra\.m2\repository"/>
    <property name="java.vendor.url.bug" value="http://bugreport.java.com/bugreport/"/>
    <property name="java.io.tmpdir" value="C:\Users\ALOMIS~1\AppData\Local\Temp\"/>
    <property name="java.version" value="11.0.4"/>
    <property name="user.dir" value="C:\LearnByDoing\currency-exchange-service"/>
    <property name="os.arch" value="amd64"/>
    <property name="java.vm.specification.name" value="Java Virtual Machine Specification"/>
    <property name="java.awt.printerjob" value="sun.awt.windows.WPrinterJob"/>
    <property name="sun.os.patch.level" value=""/>
    <property name="java.library.path" value="C:\Program Files\Java\jdk-11.0.4\bin;C:\WINDOWS\Sun\Java\bin;C:\WINDOWS\system32;C:\WINDOWS;C:\Program Files\Java\jdk-11.0.4\bin;C:\Program Files (x86)\Common Files\Oracle\Java\javapath;C:\WINDOWS\system32;C:\WINDOWS;C:\WINDOWS\System32\Wbem;C:\Program Files\RSA SecurID Token Common;C:\Program Files (x86)\Intel\iCLS Client\;C:\Program Files\Intel\iCLS Client\;C:\WINDOWS\system32;C:\WINDOWS;C:\WINDOWS\System32\Wbem;C:\WINDOWS\System32\WindowsPowerShell\v1.0\;C:\Program Files (x86)\Intel\Intel(R) Management Engine Components\DAL;C:\Program Files\Intel\Intel(R) Management Engine Components\DAL;C:\Program Files (x86)\Intel\Intel(R) Management Engine Components\IPT;C:\Program Files\Intel\Intel(R) Management Engine Components\IPT;C:\Users\alomishra\AppData\Local\Microsoft\WindowsApps;%JAVA_HOME%\bin;%JBOSS_HOME%\bin;%MAVEN_HOME%\bin;C:\WINDOWS\System32\WindowsPowerShell\v1.0\;C:\Program Files\Git\cmd;C:\Program Files\Java\jdk-11.0.4\bin;C:\Users\alomishra\AppData\Local\Continuum\anaconda3;C:\Users\alomishra\AppData\Local\Continuum\anaconda3\Library\mingw-w64\bin;C:\Users\alomishra\AppData\Local\Continuum\anaconda3\Library\usr\bin;C:\Users\alomishra\AppData\Local\Continuum\anaconda3\Library\bin;C:\Users\alomishra\AppData\Local\Continuum\anaconda3\Scripts;C:\Users\alomishra\AppData\Local\Microsoft\WindowsApps;C:\Users\alomishra\AppData\Local\GitHubDesktop\bin;C:\Shared\JBoss\wildfly-11.0.0.Final;C:\Shared\maven\apache-maven-3.5.2\bin;C:\Users\alomishra\AppData\Local\Microsoft\WindowsApps;C:\sonar-scanner-4.0.0.1744-windows\bin;;."/>
    <property name="java.vendor" value="Oracle Corporation"/>
    <property name="java.vm.info" value="mixed mode"/>
    <property name="java.vm.version" value="11.0.4+10-LTS"/>
    <property name="sun.io.unicode.encoding" value="UnicodeLittle"/>
    <property name="java.class.version" value="55.0"/>
  </properties>
  <testcase name="contextLoads" classname="com.example.learnbydoing.microservices.currencyexchangeservice.CurrencyExchangeServiceApplicationTests" time="0.003">
    <error message="Failed to load ApplicationContext" type="java.lang.IllegalStateException">java.lang.IllegalStateException: Failed to load ApplicationContext
Caused by: org.springframework.beans.factory.BeanCreationException: Error creating bean with name 'bootstrapImportSelectorConfiguration': Initialization of bean failed; nested exception is java.lang.NoClassDefFoundError: org/springframework/boot/context/properties/ConfigurationPropertiesBean
Caused by: java.lang.NoClassDefFoundError: org/springframework/boot/context/properties/ConfigurationPropertiesBean
Caused by: java.lang.ClassNotFoundException: org.springframework.boot.context.properties.ConfigurationPropertiesBean
</error>
    <system-out><![CDATA[21:31:11.808 [main] DEBUG org.springframework.test.context.BootstrapUtils - Instantiating CacheAwareContextLoaderDelegate from class [org.springframework.test.context.cache.DefaultCacheAwareContextLoaderDelegate]
21:31:11.881 [main] DEBUG org.springframework.test.context.BootstrapUtils - Instantiating BootstrapContext using constructor [public org.springframework.test.context.support.DefaultBootstrapContext(java.lang.Class,org.springframework.test.context.CacheAwareContextLoaderDelegate)]
21:31:11.996 [main] DEBUG org.springframework.test.context.BootstrapUtils - Instantiating TestContextBootstrapper for test class [com.example.learnbydoing.microservices.currencyexchangeservice.CurrencyExchangeServiceApplicationTests] from class [org.springframework.boot.test.context.SpringBootTestContextBootstrapper]
21:31:12.067 [main] INFO org.springframework.boot.test.context.SpringBootTestContextBootstrapper - Neither @ContextConfiguration nor @ContextHierarchy found for test class [com.example.learnbydoing.microservices.currencyexchangeservice.CurrencyExchangeServiceApplicationTests], using SpringBootContextLoader
21:31:12.092 [main] DEBUG org.springframework.test.context.support.AbstractContextLoader - Did not detect default resource location for test class [com.example.learnbydoing.microservices.currencyexchangeservice.CurrencyExchangeServiceApplicationTests]: class path resource [com/example/learnbydoing/microservices/currencyexchangeservice/CurrencyExchangeServiceApplicationTests-context.xml] does not exist
21:31:12.094 [main] DEBUG org.springframework.test.context.support.AbstractContextLoader - Did not detect default resource location for test class [com.example.learnbydoing.microservices.currencyexchangeservice.CurrencyExchangeServiceApplicationTests]: class path resource [com/example/learnbydoing/microservices/currencyexchangeservice/CurrencyExchangeServiceApplicationTestsContext.groovy] does not exist
21:31:12.094 [main] INFO org.springframework.test.context.support.AbstractContextLoader - Could not detect default resource locations for test class [com.example.learnbydoing.microservices.currencyexchangeservice.CurrencyExchangeServiceApplicationTests]: no resource found for suffixes {-context.xml, Context.groovy}.
21:31:12.096 [main] INFO org.springframework.test.context.support.AnnotationConfigContextLoaderUtils - Could not detect default configuration classes for test class [com.example.learnbydoing.microservices.currencyexchangeservice.CurrencyExchangeServiceApplicationTests]: CurrencyExchangeServiceApplicationTests does not declare any static, non-private, non-final, nested classes annotated with @Configuration.
21:31:12.328 [main] DEBUG org.springframework.test.context.support.ActiveProfilesUtils - Could not find an 'annotation declaring class' for annotation type [org.springframework.test.context.ActiveProfiles] and class [com.example.learnbydoing.microservices.currencyexchangeservice.CurrencyExchangeServiceApplicationTests]
21:31:12.664 [main] DEBUG org.springframework.context.annotation.ClassPathScanningCandidateComponentProvider - Identified candidate component class: file [C:\LearnByDoing\currency-exchange-service\target\classes\com\example\learnbydoing\microservices\currencyexchangeservice\CurrencyExchangeServiceApplication.class]
21:31:12.667 [main] INFO org.springframework.boot.test.context.SpringBootTestContextBootstrapper - Found @SpringBootConfiguration com.example.learnbydoing.microservices.currencyexchangeservice.CurrencyExchangeServiceApplication for test class com.example.learnbydoing.microservices.currencyexchangeservice.CurrencyExchangeServiceApplicationTests
21:31:13.223 [main] DEBUG org.springframework.boot.test.context.SpringBootTestContextBootstrapper - @TestExecutionListeners is not present for class [com.example.learnbydoing.microservices.currencyexchangeservice.CurrencyExchangeServiceApplicationTests]: using defaults.
21:31:13.226 [main] INFO org.springframework.boot.test.context.SpringBootTestContextBootstrapper - Loaded default TestExecutionListener class names from location [META-INF/spring.factories]: [org.springframework.boot.test.mock.mockito.MockitoTestExecutionListener, org.springframework.boot.test.mock.mockito.ResetMocksTestExecutionListener, org.springframework.boot.test.autoconfigure.restdocs.RestDocsTestExecutionListener, org.springframework.boot.test.autoconfigure.web.client.MockRestServiceServerResetTestExecutionListener, org.springframework.boot.test.autoconfigure.web.servlet.MockMvcPrintOnlyOnFailureTestExecutionListener, org.springframework.boot.test.autoconfigure.web.servlet.WebDriverTestExecutionListener, org.springframework.test.context.web.ServletTestExecutionListener, org.springframework.test.context.support.DirtiesContextBeforeModesTestExecutionListener, org.springframework.test.context.support.DependencyInjectionTestExecutionListener, org.springframework.test.context.support.DirtiesContextTestExecutionListener, org.springframework.test.context.transaction.TransactionalTestExecutionListener, org.springframework.test.context.jdbc.SqlScriptsTestExecutionListener, org.springframework.test.context.event.EventPublishingTestExecutionListener]
21:31:13.349 [main] INFO org.springframework.boot.test.context.SpringBootTestContextBootstrapper - Using TestExecutionListeners: [org.springframework.test.context.web.ServletTestExecutionListener@45e37a7e, org.springframework.test.context.support.DirtiesContextBeforeModesTestExecutionListener@62452cc9, org.springframework.boot.test.mock.mockito.MockitoTestExecutionListener@6941827a, org.springframework.boot.test.autoconfigure.SpringBootDependencyInjectionTestExecutionListener@5a7005d, org.springframework.test.context.support.DirtiesContextTestExecutionListener@5bc9ba1d, org.springframework.test.context.transaction.TransactionalTestExecutionListener@1021f6c9, org.springframework.test.context.jdbc.SqlScriptsTestExecutionListener@7516e4e5, org.springframework.test.context.event.EventPublishingTestExecutionListener@488eb7f2, org.springframework.boot.test.mock.mockito.ResetMocksTestExecutionListener@5e81e5ac, org.springframework.boot.test.autoconfigure.restdocs.RestDocsTestExecutionListener@4189d70b, org.springframework.boot.test.autoconfigure.web.client.MockRestServiceServerResetTestExecutionListener@3fa2213, org.springframework.boot.test.autoconfigure.web.servlet.MockMvcPrintOnlyOnFailureTestExecutionListener@3e7634b9, org.springframework.boot.test.autoconfigure.web.servlet.WebDriverTestExecutionListener@6f0b0a5e]
21:31:13.361 [main] DEBUG org.springframework.test.context.support.AbstractDirtiesContextTestExecutionListener - Before test class: context [DefaultTestContext@4da602fc testClass = CurrencyExchangeServiceApplicationTests, testInstance = [null], testMethod = [null], testException = [null], mergedContextConfiguration = [WebMergedContextConfiguration@2a8d39c4 testClass = CurrencyExchangeServiceApplicationTests, locations = '{}', classes = '{class com.example.learnbydoing.microservices.currencyexchangeservice.CurrencyExchangeServiceApplication}', contextInitializerClasses = '[]', activeProfiles = '{}', propertySourceLocations = '{}', propertySourceProperties = '{org.springframework.boot.test.context.SpringBootTestContextBootstrapper=true}', contextCustomizers = set[org.springframework.boot.test.context.filter.ExcludeFilterContextCustomizer@16c069df, org.springframework.boot.test.json.DuplicateJsonObjectContextCustomizerFactory$DuplicateJsonObjectContextCustomizer@26adfd2d, org.springframework.boot.test.mock.mockito.MockitoContextCustomizer@0, org.springframework.boot.test.web.client.TestRestTemplateContextCustomizer@37911f88, org.springframework.boot.test.autoconfigure.properties.PropertyMappingContextCustomizer@0, org.springframework.boot.test.autoconfigure.web.servlet.WebDriverContextCustomizerFactory$Customizer@14a50707], resourceBasePath = 'src/main/webapp', contextLoader = 'org.springframework.boot.test.context.SpringBootContextLoader', parent = [null]], attributes = map['org.springframework.test.context.web.ServletTestExecutionListener.activateListener' -> true]], class annotated with @DirtiesContext [false] with mode [null].
21:31:13.515 [main] DEBUG org.springframework.test.context.support.TestPropertySourceUtils - Adding inlined properties to environment: {spring.jmx.enabled=false, org.springframework.boot.test.context.SpringBootTestContextBootstrapper=true, server.port=-1}
2019-10-07 21:31:16.414  INFO 23852 --- [           main] trationDelegate$BeanPostProcessorChecker : Bean 'org.springframework.cloud.autoconfigure.ConfigurationPropertiesRebinderAutoConfiguration' of type [org.springframework.cloud.autoconfigure.ConfigurationPropertiesRebinderAutoConfiguration$$EnhancerBySpringCGLIB$$465ea00d] is not eligible for getting processed by all BeanPostProcessors (for example: not eligible for auto-proxying)
2019-10-07 21:31:16.504  WARN 23852 --- [           main] s.c.a.AnnotationConfigApplicationContext : Exception encountered during context initialization - cancelling refresh attempt: org.springframework.beans.factory.BeanCreationException: Error creating bean with name 'bootstrapImportSelectorConfiguration': Initialization of bean failed; nested exception is java.lang.NoClassDefFoundError: org/springframework/boot/context/properties/ConfigurationPropertiesBean
2019-10-07 21:31:16.994  INFO 23852 --- [           main] ConditionEvaluationReportLoggingListener : 

Error starting ApplicationContext. To display the conditions report re-run your application with 'debug' enabled.
2019-10-07 21:31:17.020 ERROR 23852 --- [           main] o.s.boot.SpringApplication               : Application run failed

org.springframework.beans.factory.BeanCreationException: Error creating bean with name 'bootstrapImportSelectorConfiguration': Initialization of bean failed; nested exception is java.lang.NoClassDefFoundError: org/springframework/boot/context/properties/ConfigurationPropertiesBean
	at org.springframework.beans.factory.support.AbstractAutowireCapableBeanFactory.doCreateBean(AbstractAutowireCapableBeanFactory.java:601) ~[spring-beans-5.2.0.M2.jar:5.2.0.M2]
	at org.springframework.beans.factory.support.AbstractAutowireCapableBeanFactory.createBean(AbstractAutowireCapableBeanFactory.java:515) ~[spring-beans-5.2.0.M2.jar:5.2.0.M2]
	at org.springframework.beans.factory.support.AbstractBeanFactory.lambda$doGetBean$0(AbstractBeanFactory.java:320) ~[spring-beans-5.2.0.M2.jar:5.2.0.M2]
	at org.springframework.beans.factory.support.DefaultSingletonBeanRegistry.getSingleton(DefaultSingletonBeanRegistry.java:222) ~[spring-beans-5.2.0.M2.jar:5.2.0.M2]
	at org.springframework.beans.factory.support.AbstractBeanFactory.doGetBean(AbstractBeanFactory.java:318) ~[spring-beans-5.2.0.M2.jar:5.2.0.M2]
	at org.springframework.beans.factory.support.AbstractBeanFactory.getBean(AbstractBeanFactory.java:199) ~[spring-beans-5.2.0.M2.jar:5.2.0.M2]
	at org.springframework.beans.factory.support.DefaultListableBeanFactory.preInstantiateSingletons(DefaultListableBeanFactory.java:868) ~[spring-beans-5.2.0.M2.jar:5.2.0.M2]
	at org.springframework.context.support.AbstractApplicationContext.finishBeanFactoryInitialization(AbstractApplicationContext.java:877) ~[spring-context-5.2.0.M2.jar:5.2.0.M2]
	at org.springframework.context.support.AbstractApplicationContext.refresh(AbstractApplicationContext.java:549) ~[spring-context-5.2.0.M2.jar:5.2.0.M2]
	at org.springframework.boot.SpringApplication.refresh(SpringApplication.java:782) ~[spring-boot-2.2.0.M3.jar:2.2.0.M3]
	at org.springframework.boot.SpringApplication.refreshContext(SpringApplication.java:404) ~[spring-boot-2.2.0.M3.jar:2.2.0.M3]
	at org.springframework.boot.SpringApplication.run(SpringApplication.java:319) ~[spring-boot-2.2.0.M3.jar:2.2.0.M3]
	at org.springframework.boot.builder.SpringApplicationBuilder.run(SpringApplicationBuilder.java:139) ~[spring-boot-2.2.0.M3.jar:2.2.0.M3]
	at org.springframework.cloud.bootstrap.BootstrapApplicationListener.bootstrapServiceContext(BootstrapApplicationListener.java:206) ~[spring-cloud-context-2.2.0.BUILD-SNAPSHOT.jar:2.2.0.BUILD-SNAPSHOT]
	at org.springframework.cloud.bootstrap.BootstrapApplicationListener.onApplicationEvent(BootstrapApplicationListener.java:117) ~[spring-cloud-context-2.2.0.BUILD-SNAPSHOT.jar:2.2.0.BUILD-SNAPSHOT]
	at org.springframework.cloud.bootstrap.BootstrapApplicationListener.onApplicationEvent(BootstrapApplicationListener.java:74) ~[spring-cloud-context-2.2.0.BUILD-SNAPSHOT.jar:2.2.0.BUILD-SNAPSHOT]
	at org.springframework.context.event.SimpleApplicationEventMulticaster.doInvokeListener(SimpleApplicationEventMulticaster.java:172) ~[spring-context-5.2.0.M2.jar:5.2.0.M2]
	at org.springframework.context.event.SimpleApplicationEventMulticaster.invokeListener(SimpleApplicationEventMulticaster.java:165) ~[spring-context-5.2.0.M2.jar:5.2.0.M2]
	at org.springframework.context.event.SimpleApplicationEventMulticaster.multicastEvent(SimpleApplicationEventMulticaster.java:139) ~[spring-context-5.2.0.M2.jar:5.2.0.M2]
	at org.springframework.context.event.SimpleApplicationEventMulticaster.multicastEvent(SimpleApplicationEventMulticaster.java:127) ~[spring-context-5.2.0.M2.jar:5.2.0.M2]
	at org.springframework.boot.context.event.EventPublishingRunListener.environmentPrepared(EventPublishingRunListener.java:75) ~[spring-boot-2.2.0.M3.jar:2.2.0.M3]
	at org.springframework.boot.SpringApplicationRunListeners.environmentPrepared(SpringApplicationRunListeners.java:54) ~[spring-boot-2.2.0.M3.jar:2.2.0.M3]
	at org.springframework.boot.SpringApplication.prepareEnvironment(SpringApplication.java:350) ~[spring-boot-2.2.0.M3.jar:2.2.0.M3]
	at org.springframework.boot.SpringApplication.run(SpringApplication.java:309) ~[spring-boot-2.2.0.M3.jar:2.2.0.M3]
	at org.springframework.boot.test.context.SpringBootContextLoader.loadContext(SpringBootContextLoader.java:132) ~[spring-boot-test-2.2.0.M3.jar:2.2.0.M3]
	at org.springframework.test.context.cache.DefaultCacheAwareContextLoaderDelegate.loadContextInternal(DefaultCacheAwareContextLoaderDelegate.java:99) ~[spring-test-5.2.0.M2.jar:5.2.0.M2]
	at org.springframework.test.context.cache.DefaultCacheAwareContextLoaderDelegate.loadContext(DefaultCacheAwareContextLoaderDelegate.java:124) ~[spring-test-5.2.0.M2.jar:5.2.0.M2]
	at org.springframework.test.context.support.DefaultTestContext.getApplicationContext(DefaultTestContext.java:122) ~[spring-test-5.2.0.M2.jar:5.2.0.M2]
	at org.springframework.test.context.web.ServletTestExecutionListener.setUpRequestContextIfNecessary(ServletTestExecutionListener.java:190) ~[spring-test-5.2.0.M2.jar:5.2.0.M2]
	at org.springframework.test.context.web.ServletTestExecutionListener.prepareTestInstance(ServletTestExecutionListener.java:132) ~[spring-test-5.2.0.M2.jar:5.2.0.M2]
	at org.springframework.test.context.TestContextManager.prepareTestInstance(TestContextManager.java:244) ~[spring-test-5.2.0.M2.jar:5.2.0.M2]
	at org.springframework.test.context.junit.jupiter.SpringExtension.postProcessTestInstance(SpringExtension.java:98) ~[spring-test-5.2.0.M2.jar:5.2.0.M2]
	at org.junit.jupiter.engine.descriptor.ClassTestDescriptor.lambda$invokeTestInstancePostProcessors$6(ClassTestDescriptor.java:352) ~[junit-jupiter-engine-5.4.2.jar:5.4.2]
	at org.junit.jupiter.engine.descriptor.JupiterTestDescriptor.executeAndMaskThrowable(JupiterTestDescriptor.java:204) ~[junit-jupiter-engine-5.4.2.jar:5.4.2]
	at org.junit.jupiter.engine.descriptor.ClassTestDescriptor.lambda$invokeTestInstancePostProcessors$7(ClassTestDescriptor.java:352) ~[junit-jupiter-engine-5.4.2.jar:5.4.2]
	at java.base/java.util.stream.ReferencePipeline$3$1.accept(ReferencePipeline.java:195) ~[na:na]
	at java.base/java.util.stream.ReferencePipeline$2$1.accept(ReferencePipeline.java:177) ~[na:na]
	at java.base/java.util.ArrayList$ArrayListSpliterator.forEachRemaining(ArrayList.java:1654) ~[na:na]
	at java.base/java.util.stream.AbstractPipeline.copyInto(AbstractPipeline.java:484) ~[na:na]
	at java.base/java.util.stream.AbstractPipeline.wrapAndCopyInto(AbstractPipeline.java:474) ~[na:na]
	at java.base/java.util.stream.StreamSpliterators$WrappingSpliterator.forEachRemaining(StreamSpliterators.java:312) ~[na:na]
	at java.base/java.util.stream.Streams$ConcatSpliterator.forEachRemaining(Streams.java:735) ~[na:na]
	at java.base/java.util.stream.Streams$ConcatSpliterator.forEachRemaining(Streams.java:734) ~[na:na]
	at java.base/java.util.stream.ReferencePipeline$Head.forEach(ReferencePipeline.java:658) ~[na:na]
	at org.junit.jupiter.engine.descriptor.ClassTestDescriptor.invokeTestInstancePostProcessors(ClassTestDescriptor.java:351) ~[junit-jupiter-engine-5.4.2.jar:5.4.2]
	at org.junit.jupiter.engine.descriptor.ClassTestDescriptor.instantiateAndPostProcessTestInstance(ClassTestDescriptor.java:270) ~[junit-jupiter-engine-5.4.2.jar:5.4.2]
	at org.junit.jupiter.engine.descriptor.ClassTestDescriptor.lambda$testInstancesProvider$2(ClassTestDescriptor.java:259) ~[junit-jupiter-engine-5.4.2.jar:5.4.2]
	at org.junit.jupiter.engine.descriptor.ClassTestDescriptor.lambda$testInstancesProvider$3(ClassTestDescriptor.java:263) ~[junit-jupiter-engine-5.4.2.jar:5.4.2]
	at java.base/java.util.Optional.orElseGet(Optional.java:369) ~[na:na]
	at org.junit.jupiter.engine.descriptor.ClassTestDescriptor.lambda$testInstancesProvider$4(ClassTestDescriptor.java:262) ~[junit-jupiter-engine-5.4.2.jar:5.4.2]
	at org.junit.jupiter.engine.descriptor.TestMethodTestDescriptor.lambda$prepare$0(TestMethodTestDescriptor.java:98) ~[junit-jupiter-engine-5.4.2.jar:5.4.2]
	at org.junit.platform.engine.support.hierarchical.ThrowableCollector.execute(ThrowableCollector.java:73) ~[junit-platform-engine-1.4.2.jar:1.4.2]
	at org.junit.jupiter.engine.descriptor.TestMethodTestDescriptor.prepare(TestMethodTestDescriptor.java:97) ~[junit-jupiter-engine-5.4.2.jar:5.4.2]
	at org.junit.jupiter.engine.descriptor.TestMethodTestDescriptor.prepare(TestMethodTestDescriptor.java:68) ~[junit-jupiter-engine-5.4.2.jar:5.4.2]
	at org.junit.platform.engine.support.hierarchical.NodeTestTask.lambda$prepare$1(NodeTestTask.java:107) ~[junit-platform-engine-1.4.2.jar:1.4.2]
	at org.junit.platform.engine.support.hierarchical.ThrowableCollector.execute(ThrowableCollector.java:73) ~[junit-platform-engine-1.4.2.jar:1.4.2]
	at org.junit.platform.engine.support.hierarchical.NodeTestTask.prepare(NodeTestTask.java:107) ~[junit-platform-engine-1.4.2.jar:1.4.2]
	at org.junit.platform.engine.support.hierarchical.NodeTestTask.execute(NodeTestTask.java:75) ~[junit-platform-engine-1.4.2.jar:1.4.2]
	at java.base/java.util.ArrayList.forEach(ArrayList.java:1540) ~[na:na]
	at org.junit.platform.engine.support.hierarchical.SameThreadHierarchicalTestExecutorService.invokeAll(SameThreadHierarchicalTestExecutorService.java:38) ~[junit-platform-engine-1.4.2.jar:1.4.2]
	at org.junit.platform.engine.support.hierarchical.NodeTestTask.lambda$executeRecursively$5(NodeTestTask.java:139) ~[junit-platform-engine-1.4.2.jar:1.4.2]
	at org.junit.platform.engine.support.hierarchical.ThrowableCollector.execute(ThrowableCollector.java:73) ~[junit-platform-engine-1.4.2.jar:1.4.2]
	at org.junit.platform.engine.support.hierarchical.NodeTestTask.lambda$executeRecursively$7(NodeTestTask.java:125) ~[junit-platform-engine-1.4.2.jar:1.4.2]
	at org.junit.platform.engine.support.hierarchical.Node.around(Node.java:135) ~[junit-platform-engine-1.4.2.jar:1.4.2]
	at org.junit.platform.engine.support.hierarchical.NodeTestTask.lambda$executeRecursively$8(NodeTestTask.java:123) ~[junit-platform-engine-1.4.2.jar:1.4.2]
	at org.junit.platform.engine.support.hierarchical.ThrowableCollector.execute(ThrowableCollector.java:73) ~[junit-platform-engine-1.4.2.jar:1.4.2]
	at org.junit.platform.engine.support.hierarchical.NodeTestTask.executeRecursively(NodeTestTask.java:122) ~[junit-platform-engine-1.4.2.jar:1.4.2]
	at org.junit.platform.engine.support.hierarchical.NodeTestTask.execute(NodeTestTask.java:80) ~[junit-platform-engine-1.4.2.jar:1.4.2]
	at java.base/java.util.ArrayList.forEach(ArrayList.java:1540) ~[na:na]
	at org.junit.platform.engine.support.hierarchical.SameThreadHierarchicalTestExecutorService.invokeAll(SameThreadHierarchicalTestExecutorService.java:38) ~[junit-platform-engine-1.4.2.jar:1.4.2]
	at org.junit.platform.engine.support.hierarchical.NodeTestTask.lambda$executeRecursively$5(NodeTestTask.java:139) ~[junit-platform-engine-1.4.2.jar:1.4.2]
	at org.junit.platform.engine.support.hierarchical.ThrowableCollector.execute(ThrowableCollector.java:73) ~[junit-platform-engine-1.4.2.jar:1.4.2]
	at org.junit.platform.engine.support.hierarchical.NodeTestTask.lambda$executeRecursively$7(NodeTestTask.java:125) ~[junit-platform-engine-1.4.2.jar:1.4.2]
	at org.junit.platform.engine.support.hierarchical.Node.around(Node.java:135) ~[junit-platform-engine-1.4.2.jar:1.4.2]
	at org.junit.platform.engine.support.hierarchical.NodeTestTask.lambda$executeRecursively$8(NodeTestTask.java:123) ~[junit-platform-engine-1.4.2.jar:1.4.2]
	at org.junit.platform.engine.support.hierarchical.ThrowableCollector.execute(ThrowableCollector.java:73) ~[junit-platform-engine-1.4.2.jar:1.4.2]
	at org.junit.platform.engine.support.hierarchical.NodeTestTask.executeRecursively(NodeTestTask.java:122) ~[junit-platform-engine-1.4.2.jar:1.4.2]
	at org.junit.platform.engine.support.hierarchical.NodeTestTask.execute(NodeTestTask.java:80) ~[junit-platform-engine-1.4.2.jar:1.4.2]
	at org.junit.platform.engine.support.hierarchical.SameThreadHierarchicalTestExecutorService.submit(SameThreadHierarchicalTestExecutorService.java:32) ~[junit-platform-engine-1.4.2.jar:1.4.2]
	at org.junit.platform.engine.support.hierarchical.HierarchicalTestExecutor.execute(HierarchicalTestExecutor.java:57) ~[junit-platform-engine-1.4.2.jar:1.4.2]
	at org.junit.platform.engine.support.hierarchical.HierarchicalTestEngine.execute(HierarchicalTestEngine.java:51) ~[junit-platform-engine-1.4.2.jar:1.4.2]
	at org.junit.platform.launcher.core.DefaultLauncher.execute(DefaultLauncher.java:220) ~[junit-platform-launcher-1.3.1.jar:1.3.1]
	at org.junit.platform.launcher.core.DefaultLauncher.lambda$execute$6(DefaultLauncher.java:188) ~[junit-platform-launcher-1.3.1.jar:1.3.1]
	at org.junit.platform.launcher.core.DefaultLauncher.withInterceptedStreams(DefaultLauncher.java:202) ~[junit-platform-launcher-1.3.1.jar:1.3.1]
	at org.junit.platform.launcher.core.DefaultLauncher.execute(DefaultLauncher.java:181) ~[junit-platform-launcher-1.3.1.jar:1.3.1]
	at org.junit.platform.launcher.core.DefaultLauncher.execute(DefaultLauncher.java:128) ~[junit-platform-launcher-1.3.1.jar:1.3.1]
	at org.apache.maven.surefire.junitplatform.JUnitPlatformProvider.invokeAllTests(JUnitPlatformProvider.java:150) ~[surefire-junit-platform-2.22.2.jar:2.22.2]
	at org.apache.maven.surefire.junitplatform.JUnitPlatformProvider.invoke(JUnitPlatformProvider.java:124) ~[surefire-junit-platform-2.22.2.jar:2.22.2]
	at org.apache.maven.surefire.booter.ForkedBooter.invokeProviderInSameClassLoader(ForkedBooter.java:384) ~[surefire-booter-2.22.2.jar:2.22.2]
	at org.apache.maven.surefire.booter.ForkedBooter.runSuitesInProcess(ForkedBooter.java:345) ~[surefire-booter-2.22.2.jar:2.22.2]
	at org.apache.maven.surefire.booter.ForkedBooter.execute(ForkedBooter.java:126) ~[surefire-booter-2.22.2.jar:2.22.2]
	at org.apache.maven.surefire.booter.ForkedBooter.main(ForkedBooter.java:418) ~[surefire-booter-2.22.2.jar:2.22.2]
Caused by: java.lang.NoClassDefFoundError: org/springframework/boot/context/properties/ConfigurationPropertiesBean
	at org.springframework.cloud.context.properties.ConfigurationPropertiesBeans.postProcessBeforeInitialization(ConfigurationPropertiesBeans.java:94) ~[spring-cloud-context-2.2.0.BUILD-SNAPSHOT.jar:2.2.0.BUILD-SNAPSHOT]
	at org.springframework.beans.factory.support.AbstractAutowireCapableBeanFactory.applyBeanPostProcessorsBeforeInitialization(AbstractAutowireCapableBeanFactory.java:414) ~[spring-beans-5.2.0.M2.jar:5.2.0.M2]
	at org.springframework.beans.factory.support.AbstractAutowireCapableBeanFactory.initializeBean(AbstractAutowireCapableBeanFactory.java:1775) ~[spring-beans-5.2.0.M2.jar:5.2.0.M2]
	at org.springframework.beans.factory.support.AbstractAutowireCapableBeanFactory.doCreateBean(AbstractAutowireCapableBeanFactory.java:593) ~[spring-beans-5.2.0.M2.jar:5.2.0.M2]
	... 91 common frames omitted
Caused by: java.lang.ClassNotFoundException: org.springframework.boot.context.properties.ConfigurationPropertiesBean
	at java.base/jdk.internal.loader.BuiltinClassLoader.loadClass(BuiltinClassLoader.java:583) ~[na:na]
	at java.base/jdk.internal.loader.ClassLoaders$AppClassLoader.loadClass(ClassLoaders.java:178) ~[na:na]
	at java.base/java.lang.ClassLoader.loadClass(ClassLoader.java:521) ~[na:na]
	... 95 common frames omitted

2019-10-07 21:31:17.028 ERROR 23852 --- [           main] o.s.boot.SpringApplication               : Application run failed

org.springframework.beans.factory.BeanCreationException: Error creating bean with name 'bootstrapImportSelectorConfiguration': Initialization of bean failed; nested exception is java.lang.NoClassDefFoundError: org/springframework/boot/context/properties/ConfigurationPropertiesBean
	at org.springframework.beans.factory.support.AbstractAutowireCapableBeanFactory.doCreateBean(AbstractAutowireCapableBeanFactory.java:601) ~[spring-beans-5.2.0.M2.jar:5.2.0.M2]
	at org.springframework.beans.factory.support.AbstractAutowireCapableBeanFactory.createBean(AbstractAutowireCapableBeanFactory.java:515) ~[spring-beans-5.2.0.M2.jar:5.2.0.M2]
	at org.springframework.beans.factory.support.AbstractBeanFactory.lambda$doGetBean$0(AbstractBeanFactory.java:320) ~[spring-beans-5.2.0.M2.jar:5.2.0.M2]
	at org.springframework.beans.factory.support.DefaultSingletonBeanRegistry.getSingleton(DefaultSingletonBeanRegistry.java:222) ~[spring-beans-5.2.0.M2.jar:5.2.0.M2]
	at org.springframework.beans.factory.support.AbstractBeanFactory.doGetBean(AbstractBeanFactory.java:318) ~[spring-beans-5.2.0.M2.jar:5.2.0.M2]
	at org.springframework.beans.factory.support.AbstractBeanFactory.getBean(AbstractBeanFactory.java:199) ~[spring-beans-5.2.0.M2.jar:5.2.0.M2]
	at org.springframework.beans.factory.support.DefaultListableBeanFactory.preInstantiateSingletons(DefaultListableBeanFactory.java:868) ~[spring-beans-5.2.0.M2.jar:5.2.0.M2]
	at org.springframework.context.support.AbstractApplicationContext.finishBeanFactoryInitialization(AbstractApplicationContext.java:877) ~[spring-context-5.2.0.M2.jar:5.2.0.M2]
	at org.springframework.context.support.AbstractApplicationContext.refresh(AbstractApplicationContext.java:549) ~[spring-context-5.2.0.M2.jar:5.2.0.M2]
	at org.springframework.boot.SpringApplication.refresh(SpringApplication.java:782) ~[spring-boot-2.2.0.M3.jar:2.2.0.M3]
	at org.springframework.boot.SpringApplication.refreshContext(SpringApplication.java:404) ~[spring-boot-2.2.0.M3.jar:2.2.0.M3]
	at org.springframework.boot.SpringApplication.run(SpringApplication.java:319) ~[spring-boot-2.2.0.M3.jar:2.2.0.M3]
	at org.springframework.boot.builder.SpringApplicationBuilder.run(SpringApplicationBuilder.java:139) ~[spring-boot-2.2.0.M3.jar:2.2.0.M3]
	at org.springframework.cloud.bootstrap.BootstrapApplicationListener.bootstrapServiceContext(BootstrapApplicationListener.java:206) ~[spring-cloud-context-2.2.0.BUILD-SNAPSHOT.jar:2.2.0.BUILD-SNAPSHOT]
	at org.springframework.cloud.bootstrap.BootstrapApplicationListener.onApplicationEvent(BootstrapApplicationListener.java:117) ~[spring-cloud-context-2.2.0.BUILD-SNAPSHOT.jar:2.2.0.BUILD-SNAPSHOT]
	at org.springframework.cloud.bootstrap.BootstrapApplicationListener.onApplicationEvent(BootstrapApplicationListener.java:74) ~[spring-cloud-context-2.2.0.BUILD-SNAPSHOT.jar:2.2.0.BUILD-SNAPSHOT]
	at org.springframework.context.event.SimpleApplicationEventMulticaster.doInvokeListener(SimpleApplicationEventMulticaster.java:172) ~[spring-context-5.2.0.M2.jar:5.2.0.M2]
	at org.springframework.context.event.SimpleApplicationEventMulticaster.invokeListener(SimpleApplicationEventMulticaster.java:165) ~[spring-context-5.2.0.M2.jar:5.2.0.M2]
	at org.springframework.context.event.SimpleApplicationEventMulticaster.multicastEvent(SimpleApplicationEventMulticaster.java:139) ~[spring-context-5.2.0.M2.jar:5.2.0.M2]
	at org.springframework.context.event.SimpleApplicationEventMulticaster.multicastEvent(SimpleApplicationEventMulticaster.java:127) ~[spring-context-5.2.0.M2.jar:5.2.0.M2]
	at org.springframework.boot.context.event.EventPublishingRunListener.environmentPrepared(EventPublishingRunListener.java:75) ~[spring-boot-2.2.0.M3.jar:2.2.0.M3]
	at org.springframework.boot.SpringApplicationRunListeners.environmentPrepared(SpringApplicationRunListeners.java:54) ~[spring-boot-2.2.0.M3.jar:2.2.0.M3]
	at org.springframework.boot.SpringApplication.prepareEnvironment(SpringApplication.java:350) ~[spring-boot-2.2.0.M3.jar:2.2.0.M3]
	at org.springframework.boot.SpringApplication.run(SpringApplication.java:309) ~[spring-boot-2.2.0.M3.jar:2.2.0.M3]
	at org.springframework.boot.test.context.SpringBootContextLoader.loadContext(SpringBootContextLoader.java:132) ~[spring-boot-test-2.2.0.M3.jar:2.2.0.M3]
	at org.springframework.test.context.cache.DefaultCacheAwareContextLoaderDelegate.loadContextInternal(DefaultCacheAwareContextLoaderDelegate.java:99) ~[spring-test-5.2.0.M2.jar:5.2.0.M2]
	at org.springframework.test.context.cache.DefaultCacheAwareContextLoaderDelegate.loadContext(DefaultCacheAwareContextLoaderDelegate.java:124) ~[spring-test-5.2.0.M2.jar:5.2.0.M2]
	at org.springframework.test.context.support.DefaultTestContext.getApplicationContext(DefaultTestContext.java:122) ~[spring-test-5.2.0.M2.jar:5.2.0.M2]
	at org.springframework.test.context.web.ServletTestExecutionListener.setUpRequestContextIfNecessary(ServletTestExecutionListener.java:190) ~[spring-test-5.2.0.M2.jar:5.2.0.M2]
	at org.springframework.test.context.web.ServletTestExecutionListener.prepareTestInstance(ServletTestExecutionListener.java:132) ~[spring-test-5.2.0.M2.jar:5.2.0.M2]
	at org.springframework.test.context.TestContextManager.prepareTestInstance(TestContextManager.java:244) ~[spring-test-5.2.0.M2.jar:5.2.0.M2]
	at org.springframework.test.context.junit.jupiter.SpringExtension.postProcessTestInstance(SpringExtension.java:98) ~[spring-test-5.2.0.M2.jar:5.2.0.M2]
	at org.junit.jupiter.engine.descriptor.ClassTestDescriptor.lambda$invokeTestInstancePostProcessors$6(ClassTestDescriptor.java:352) ~[junit-jupiter-engine-5.4.2.jar:5.4.2]
	at org.junit.jupiter.engine.descriptor.JupiterTestDescriptor.executeAndMaskThrowable(JupiterTestDescriptor.java:204) ~[junit-jupiter-engine-5.4.2.jar:5.4.2]
	at org.junit.jupiter.engine.descriptor.ClassTestDescriptor.lambda$invokeTestInstancePostProcessors$7(ClassTestDescriptor.java:352) ~[junit-jupiter-engine-5.4.2.jar:5.4.2]
	at java.base/java.util.stream.ReferencePipeline$3$1.accept(ReferencePipeline.java:195) ~[na:na]
	at java.base/java.util.stream.ReferencePipeline$2$1.accept(ReferencePipeline.java:177) ~[na:na]
	at java.base/java.util.ArrayList$ArrayListSpliterator.forEachRemaining(ArrayList.java:1654) ~[na:na]
	at java.base/java.util.stream.AbstractPipeline.copyInto(AbstractPipeline.java:484) ~[na:na]
	at java.base/java.util.stream.AbstractPipeline.wrapAndCopyInto(AbstractPipeline.java:474) ~[na:na]
	at java.base/java.util.stream.StreamSpliterators$WrappingSpliterator.forEachRemaining(StreamSpliterators.java:312) ~[na:na]
	at java.base/java.util.stream.Streams$ConcatSpliterator.forEachRemaining(Streams.java:735) ~[na:na]
	at java.base/java.util.stream.Streams$ConcatSpliterator.forEachRemaining(Streams.java:734) ~[na:na]
	at java.base/java.util.stream.ReferencePipeline$Head.forEach(ReferencePipeline.java:658) ~[na:na]
	at org.junit.jupiter.engine.descriptor.ClassTestDescriptor.invokeTestInstancePostProcessors(ClassTestDescriptor.java:351) ~[junit-jupiter-engine-5.4.2.jar:5.4.2]
	at org.junit.jupiter.engine.descriptor.ClassTestDescriptor.instantiateAndPostProcessTestInstance(ClassTestDescriptor.java:270) ~[junit-jupiter-engine-5.4.2.jar:5.4.2]
	at org.junit.jupiter.engine.descriptor.ClassTestDescriptor.lambda$testInstancesProvider$2(ClassTestDescriptor.java:259) ~[junit-jupiter-engine-5.4.2.jar:5.4.2]
	at org.junit.jupiter.engine.descriptor.ClassTestDescriptor.lambda$testInstancesProvider$3(ClassTestDescriptor.java:263) ~[junit-jupiter-engine-5.4.2.jar:5.4.2]
	at java.base/java.util.Optional.orElseGet(Optional.java:369) ~[na:na]
	at org.junit.jupiter.engine.descriptor.ClassTestDescriptor.lambda$testInstancesProvider$4(ClassTestDescriptor.java:262) ~[junit-jupiter-engine-5.4.2.jar:5.4.2]
	at org.junit.jupiter.engine.descriptor.TestMethodTestDescriptor.lambda$prepare$0(TestMethodTestDescriptor.java:98) ~[junit-jupiter-engine-5.4.2.jar:5.4.2]
	at org.junit.platform.engine.support.hierarchical.ThrowableCollector.execute(ThrowableCollector.java:73) ~[junit-platform-engine-1.4.2.jar:1.4.2]
	at org.junit.jupiter.engine.descriptor.TestMethodTestDescriptor.prepare(TestMethodTestDescriptor.java:97) ~[junit-jupiter-engine-5.4.2.jar:5.4.2]
	at org.junit.jupiter.engine.descriptor.TestMethodTestDescriptor.prepare(TestMethodTestDescriptor.java:68) ~[junit-jupiter-engine-5.4.2.jar:5.4.2]
	at org.junit.platform.engine.support.hierarchical.NodeTestTask.lambda$prepare$1(NodeTestTask.java:107) ~[junit-platform-engine-1.4.2.jar:1.4.2]
	at org.junit.platform.engine.support.hierarchical.ThrowableCollector.execute(ThrowableCollector.java:73) ~[junit-platform-engine-1.4.2.jar:1.4.2]
	at org.junit.platform.engine.support.hierarchical.NodeTestTask.prepare(NodeTestTask.java:107) ~[junit-platform-engine-1.4.2.jar:1.4.2]
	at org.junit.platform.engine.support.hierarchical.NodeTestTask.execute(NodeTestTask.java:75) ~[junit-platform-engine-1.4.2.jar:1.4.2]
	at java.base/java.util.ArrayList.forEach(ArrayList.java:1540) ~[na:na]
	at org.junit.platform.engine.support.hierarchical.SameThreadHierarchicalTestExecutorService.invokeAll(SameThreadHierarchicalTestExecutorService.java:38) ~[junit-platform-engine-1.4.2.jar:1.4.2]
	at org.junit.platform.engine.support.hierarchical.NodeTestTask.lambda$executeRecursively$5(NodeTestTask.java:139) ~[junit-platform-engine-1.4.2.jar:1.4.2]
	at org.junit.platform.engine.support.hierarchical.ThrowableCollector.execute(ThrowableCollector.java:73) ~[junit-platform-engine-1.4.2.jar:1.4.2]
	at org.junit.platform.engine.support.hierarchical.NodeTestTask.lambda$executeRecursively$7(NodeTestTask.java:125) ~[junit-platform-engine-1.4.2.jar:1.4.2]
	at org.junit.platform.engine.support.hierarchical.Node.around(Node.java:135) ~[junit-platform-engine-1.4.2.jar:1.4.2]
	at org.junit.platform.engine.support.hierarchical.NodeTestTask.lambda$executeRecursively$8(NodeTestTask.java:123) ~[junit-platform-engine-1.4.2.jar:1.4.2]
	at org.junit.platform.engine.support.hierarchical.ThrowableCollector.execute(ThrowableCollector.java:73) ~[junit-platform-engine-1.4.2.jar:1.4.2]
	at org.junit.platform.engine.support.hierarchical.NodeTestTask.executeRecursively(NodeTestTask.java:122) ~[junit-platform-engine-1.4.2.jar:1.4.2]
	at org.junit.platform.engine.support.hierarchical.NodeTestTask.execute(NodeTestTask.java:80) ~[junit-platform-engine-1.4.2.jar:1.4.2]
	at java.base/java.util.ArrayList.forEach(ArrayList.java:1540) ~[na:na]
	at org.junit.platform.engine.support.hierarchical.SameThreadHierarchicalTestExecutorService.invokeAll(SameThreadHierarchicalTestExecutorService.java:38) ~[junit-platform-engine-1.4.2.jar:1.4.2]
	at org.junit.platform.engine.support.hierarchical.NodeTestTask.lambda$executeRecursively$5(NodeTestTask.java:139) ~[junit-platform-engine-1.4.2.jar:1.4.2]
	at org.junit.platform.engine.support.hierarchical.ThrowableCollector.execute(ThrowableCollector.java:73) ~[junit-platform-engine-1.4.2.jar:1.4.2]
	at org.junit.platform.engine.support.hierarchical.NodeTestTask.lambda$executeRecursively$7(NodeTestTask.java:125) ~[junit-platform-engine-1.4.2.jar:1.4.2]
	at org.junit.platform.engine.support.hierarchical.Node.around(Node.java:135) ~[junit-platform-engine-1.4.2.jar:1.4.2]
	at org.junit.platform.engine.support.hierarchical.NodeTestTask.lambda$executeRecursively$8(NodeTestTask.java:123) ~[junit-platform-engine-1.4.2.jar:1.4.2]
	at org.junit.platform.engine.support.hierarchical.ThrowableCollector.execute(ThrowableCollector.java:73) ~[junit-platform-engine-1.4.2.jar:1.4.2]
	at org.junit.platform.engine.support.hierarchical.NodeTestTask.executeRecursively(NodeTestTask.java:122) ~[junit-platform-engine-1.4.2.jar:1.4.2]
	at org.junit.platform.engine.support.hierarchical.NodeTestTask.execute(NodeTestTask.java:80) ~[junit-platform-engine-1.4.2.jar:1.4.2]
	at org.junit.platform.engine.support.hierarchical.SameThreadHierarchicalTestExecutorService.submit(SameThreadHierarchicalTestExecutorService.java:32) ~[junit-platform-engine-1.4.2.jar:1.4.2]
	at org.junit.platform.engine.support.hierarchical.HierarchicalTestExecutor.execute(HierarchicalTestExecutor.java:57) ~[junit-platform-engine-1.4.2.jar:1.4.2]
	at org.junit.platform.engine.support.hierarchical.HierarchicalTestEngine.execute(HierarchicalTestEngine.java:51) ~[junit-platform-engine-1.4.2.jar:1.4.2]
	at org.junit.platform.launcher.core.DefaultLauncher.execute(DefaultLauncher.java:220) ~[junit-platform-launcher-1.3.1.jar:1.3.1]
	at org.junit.platform.launcher.core.DefaultLauncher.lambda$execute$6(DefaultLauncher.java:188) ~[junit-platform-launcher-1.3.1.jar:1.3.1]
	at org.junit.platform.launcher.core.DefaultLauncher.withInterceptedStreams(DefaultLauncher.java:202) ~[junit-platform-launcher-1.3.1.jar:1.3.1]
	at org.junit.platform.launcher.core.DefaultLauncher.execute(DefaultLauncher.java:181) ~[junit-platform-launcher-1.3.1.jar:1.3.1]
	at org.junit.platform.launcher.core.DefaultLauncher.execute(DefaultLauncher.java:128) ~[junit-platform-launcher-1.3.1.jar:1.3.1]
	at org.apache.maven.surefire.junitplatform.JUnitPlatformProvider.invokeAllTests(JUnitPlatformProvider.java:150) ~[surefire-junit-platform-2.22.2.jar:2.22.2]
	at org.apache.maven.surefire.junitplatform.JUnitPlatformProvider.invoke(JUnitPlatformProvider.java:124) ~[surefire-junit-platform-2.22.2.jar:2.22.2]
	at org.apache.maven.surefire.booter.ForkedBooter.invokeProviderInSameClassLoader(ForkedBooter.java:384) ~[surefire-booter-2.22.2.jar:2.22.2]
	at org.apache.maven.surefire.booter.ForkedBooter.runSuitesInProcess(ForkedBooter.java:345) ~[surefire-booter-2.22.2.jar:2.22.2]
	at org.apache.maven.surefire.booter.ForkedBooter.execute(ForkedBooter.java:126) ~[surefire-booter-2.22.2.jar:2.22.2]
	at org.apache.maven.surefire.booter.ForkedBooter.main(ForkedBooter.java:418) ~[surefire-booter-2.22.2.jar:2.22.2]
Caused by: java.lang.NoClassDefFoundError: org/springframework/boot/context/properties/ConfigurationPropertiesBean
	at org.springframework.cloud.context.properties.ConfigurationPropertiesBeans.postProcessBeforeInitialization(ConfigurationPropertiesBeans.java:94) ~[spring-cloud-context-2.2.0.BUILD-SNAPSHOT.jar:2.2.0.BUILD-SNAPSHOT]
	at org.springframework.beans.factory.support.AbstractAutowireCapableBeanFactory.applyBeanPostProcessorsBeforeInitialization(AbstractAutowireCapableBeanFactory.java:414) ~[spring-beans-5.2.0.M2.jar:5.2.0.M2]
	at org.springframework.beans.factory.support.AbstractAutowireCapableBeanFactory.initializeBean(AbstractAutowireCapableBeanFactory.java:1775) ~[spring-beans-5.2.0.M2.jar:5.2.0.M2]
	at org.springframework.beans.factory.support.AbstractAutowireCapableBeanFactory.doCreateBean(AbstractAutowireCapableBeanFactory.java:593) ~[spring-beans-5.2.0.M2.jar:5.2.0.M2]
	... 91 common frames omitted
Caused by: java.lang.ClassNotFoundException: org.springframework.boot.context.properties.ConfigurationPropertiesBean
	at java.base/jdk.internal.loader.BuiltinClassLoader.loadClass(BuiltinClassLoader.java:583) ~[na:na]
	at java.base/jdk.internal.loader.ClassLoaders$AppClassLoader.loadClass(ClassLoaders.java:178) ~[na:na]
	at java.base/java.lang.ClassLoader.loadClass(ClassLoader.java:521) ~[na:na]
	... 95 common frames omitted

2019-10-07 21:31:17.034 ERROR 23852 --- [           main] o.s.test.context.TestContextManager      : Caught exception while allowing TestExecutionListener [org.springframework.test.context.web.ServletTestExecutionListener@45e37a7e] to prepare test instance [com.example.learnbydoing.microservices.currencyexchangeservice.CurrencyExchangeServiceApplicationTests@2679311f]

java.lang.IllegalStateException: Failed to load ApplicationContext
	at org.springframework.test.context.cache.DefaultCacheAwareContextLoaderDelegate.loadContext(DefaultCacheAwareContextLoaderDelegate.java:132) ~[spring-test-5.2.0.M2.jar:5.2.0.M2]
	at org.springframework.test.context.support.DefaultTestContext.getApplicationContext(DefaultTestContext.java:122) ~[spring-test-5.2.0.M2.jar:5.2.0.M2]
	at org.springframework.test.context.web.ServletTestExecutionListener.setUpRequestContextIfNecessary(ServletTestExecutionListener.java:190) ~[spring-test-5.2.0.M2.jar:5.2.0.M2]
	at org.springframework.test.context.web.ServletTestExecutionListener.prepareTestInstance(ServletTestExecutionListener.java:132) ~[spring-test-5.2.0.M2.jar:5.2.0.M2]
	at org.springframework.test.context.TestContextManager.prepareTestInstance(TestContextManager.java:244) ~[spring-test-5.2.0.M2.jar:5.2.0.M2]
	at org.springframework.test.context.junit.jupiter.SpringExtension.postProcessTestInstance(SpringExtension.java:98) ~[spring-test-5.2.0.M2.jar:5.2.0.M2]
	at org.junit.jupiter.engine.descriptor.ClassTestDescriptor.lambda$invokeTestInstancePostProcessors$6(ClassTestDescriptor.java:352) ~[junit-jupiter-engine-5.4.2.jar:5.4.2]
	at org.junit.jupiter.engine.descriptor.JupiterTestDescriptor.executeAndMaskThrowable(JupiterTestDescriptor.java:204) ~[junit-jupiter-engine-5.4.2.jar:5.4.2]
	at org.junit.jupiter.engine.descriptor.ClassTestDescriptor.lambda$invokeTestInstancePostProcessors$7(ClassTestDescriptor.java:352) ~[junit-jupiter-engine-5.4.2.jar:5.4.2]
	at java.base/java.util.stream.ReferencePipeline$3$1.accept(ReferencePipeline.java:195) ~[na:na]
	at java.base/java.util.stream.ReferencePipeline$2$1.accept(ReferencePipeline.java:177) ~[na:na]
	at java.base/java.util.ArrayList$ArrayListSpliterator.forEachRemaining(ArrayList.java:1654) ~[na:na]
	at java.base/java.util.stream.AbstractPipeline.copyInto(AbstractPipeline.java:484) ~[na:na]
	at java.base/java.util.stream.AbstractPipeline.wrapAndCopyInto(AbstractPipeline.java:474) ~[na:na]
	at java.base/java.util.stream.StreamSpliterators$WrappingSpliterator.forEachRemaining(StreamSpliterators.java:312) ~[na:na]
	at java.base/java.util.stream.Streams$ConcatSpliterator.forEachRemaining(Streams.java:735) ~[na:na]
	at java.base/java.util.stream.Streams$ConcatSpliterator.forEachRemaining(Streams.java:734) ~[na:na]
	at java.base/java.util.stream.ReferencePipeline$Head.forEach(ReferencePipeline.java:658) ~[na:na]
	at org.junit.jupiter.engine.descriptor.ClassTestDescriptor.invokeTestInstancePostProcessors(ClassTestDescriptor.java:351) ~[junit-jupiter-engine-5.4.2.jar:5.4.2]
	at org.junit.jupiter.engine.descriptor.ClassTestDescriptor.instantiateAndPostProcessTestInstance(ClassTestDescriptor.java:270) ~[junit-jupiter-engine-5.4.2.jar:5.4.2]
	at org.junit.jupiter.engine.descriptor.ClassTestDescriptor.lambda$testInstancesProvider$2(ClassTestDescriptor.java:259) ~[junit-jupiter-engine-5.4.2.jar:5.4.2]
	at org.junit.jupiter.engine.descriptor.ClassTestDescriptor.lambda$testInstancesProvider$3(ClassTestDescriptor.java:263) ~[junit-jupiter-engine-5.4.2.jar:5.4.2]
	at java.base/java.util.Optional.orElseGet(Optional.java:369) ~[na:na]
	at org.junit.jupiter.engine.descriptor.ClassTestDescriptor.lambda$testInstancesProvider$4(ClassTestDescriptor.java:262) ~[junit-jupiter-engine-5.4.2.jar:5.4.2]
	at org.junit.jupiter.engine.descriptor.TestMethodTestDescriptor.lambda$prepare$0(TestMethodTestDescriptor.java:98) ~[junit-jupiter-engine-5.4.2.jar:5.4.2]
	at org.junit.platform.engine.support.hierarchical.ThrowableCollector.execute(ThrowableCollector.java:73) ~[junit-platform-engine-1.4.2.jar:1.4.2]
	at org.junit.jupiter.engine.descriptor.TestMethodTestDescriptor.prepare(TestMethodTestDescriptor.java:97) ~[junit-jupiter-engine-5.4.2.jar:5.4.2]
	at org.junit.jupiter.engine.descriptor.TestMethodTestDescriptor.prepare(TestMethodTestDescriptor.java:68) ~[junit-jupiter-engine-5.4.2.jar:5.4.2]
	at org.junit.platform.engine.support.hierarchical.NodeTestTask.lambda$prepare$1(NodeTestTask.java:107) ~[junit-platform-engine-1.4.2.jar:1.4.2]
	at org.junit.platform.engine.support.hierarchical.ThrowableCollector.execute(ThrowableCollector.java:73) ~[junit-platform-engine-1.4.2.jar:1.4.2]
	at org.junit.platform.engine.support.hierarchical.NodeTestTask.prepare(NodeTestTask.java:107) ~[junit-platform-engine-1.4.2.jar:1.4.2]
	at org.junit.platform.engine.support.hierarchical.NodeTestTask.execute(NodeTestTask.java:75) ~[junit-platform-engine-1.4.2.jar:1.4.2]
	at java.base/java.util.ArrayList.forEach(ArrayList.java:1540) ~[na:na]
	at org.junit.platform.engine.support.hierarchical.SameThreadHierarchicalTestExecutorService.invokeAll(SameThreadHierarchicalTestExecutorService.java:38) ~[junit-platform-engine-1.4.2.jar:1.4.2]
	at org.junit.platform.engine.support.hierarchical.NodeTestTask.lambda$executeRecursively$5(NodeTestTask.java:139) ~[junit-platform-engine-1.4.2.jar:1.4.2]
	at org.junit.platform.engine.support.hierarchical.ThrowableCollector.execute(ThrowableCollector.java:73) ~[junit-platform-engine-1.4.2.jar:1.4.2]
	at org.junit.platform.engine.support.hierarchical.NodeTestTask.lambda$executeRecursively$7(NodeTestTask.java:125) ~[junit-platform-engine-1.4.2.jar:1.4.2]
	at org.junit.platform.engine.support.hierarchical.Node.around(Node.java:135) ~[junit-platform-engine-1.4.2.jar:1.4.2]
	at org.junit.platform.engine.support.hierarchical.NodeTestTask.lambda$executeRecursively$8(NodeTestTask.java:123) ~[junit-platform-engine-1.4.2.jar:1.4.2]
	at org.junit.platform.engine.support.hierarchical.ThrowableCollector.execute(ThrowableCollector.java:73) ~[junit-platform-engine-1.4.2.jar:1.4.2]
	at org.junit.platform.engine.support.hierarchical.NodeTestTask.executeRecursively(NodeTestTask.java:122) ~[junit-platform-engine-1.4.2.jar:1.4.2]
	at org.junit.platform.engine.support.hierarchical.NodeTestTask.execute(NodeTestTask.java:80) ~[junit-platform-engine-1.4.2.jar:1.4.2]
	at java.base/java.util.ArrayList.forEach(ArrayList.java:1540) ~[na:na]
	at org.junit.platform.engine.support.hierarchical.SameThreadHierarchicalTestExecutorService.invokeAll(SameThreadHierarchicalTestExecutorService.java:38) ~[junit-platform-engine-1.4.2.jar:1.4.2]
	at org.junit.platform.engine.support.hierarchical.NodeTestTask.lambda$executeRecursively$5(NodeTestTask.java:139) ~[junit-platform-engine-1.4.2.jar:1.4.2]
	at org.junit.platform.engine.support.hierarchical.ThrowableCollector.execute(ThrowableCollector.java:73) ~[junit-platform-engine-1.4.2.jar:1.4.2]
	at org.junit.platform.engine.support.hierarchical.NodeTestTask.lambda$executeRecursively$7(NodeTestTask.java:125) ~[junit-platform-engine-1.4.2.jar:1.4.2]
	at org.junit.platform.engine.support.hierarchical.Node.around(Node.java:135) ~[junit-platform-engine-1.4.2.jar:1.4.2]
	at org.junit.platform.engine.support.hierarchical.NodeTestTask.lambda$executeRecursively$8(NodeTestTask.java:123) ~[junit-platform-engine-1.4.2.jar:1.4.2]
	at org.junit.platform.engine.support.hierarchical.ThrowableCollector.execute(ThrowableCollector.java:73) ~[junit-platform-engine-1.4.2.jar:1.4.2]
	at org.junit.platform.engine.support.hierarchical.NodeTestTask.executeRecursively(NodeTestTask.java:122) ~[junit-platform-engine-1.4.2.jar:1.4.2]
	at org.junit.platform.engine.support.hierarchical.NodeTestTask.execute(NodeTestTask.java:80) ~[junit-platform-engine-1.4.2.jar:1.4.2]
	at org.junit.platform.engine.support.hierarchical.SameThreadHierarchicalTestExecutorService.submit(SameThreadHierarchicalTestExecutorService.java:32) ~[junit-platform-engine-1.4.2.jar:1.4.2]
	at org.junit.platform.engine.support.hierarchical.HierarchicalTestExecutor.execute(HierarchicalTestExecutor.java:57) ~[junit-platform-engine-1.4.2.jar:1.4.2]
	at org.junit.platform.engine.support.hierarchical.HierarchicalTestEngine.execute(HierarchicalTestEngine.java:51) ~[junit-platform-engine-1.4.2.jar:1.4.2]
	at org.junit.platform.launcher.core.DefaultLauncher.execute(DefaultLauncher.java:220) ~[junit-platform-launcher-1.3.1.jar:1.3.1]
	at org.junit.platform.launcher.core.DefaultLauncher.lambda$execute$6(DefaultLauncher.java:188) ~[junit-platform-launcher-1.3.1.jar:1.3.1]
	at org.junit.platform.launcher.core.DefaultLauncher.withInterceptedStreams(DefaultLauncher.java:202) ~[junit-platform-launcher-1.3.1.jar:1.3.1]
	at org.junit.platform.launcher.core.DefaultLauncher.execute(DefaultLauncher.java:181) ~[junit-platform-launcher-1.3.1.jar:1.3.1]
	at org.junit.platform.launcher.core.DefaultLauncher.execute(DefaultLauncher.java:128) ~[junit-platform-launcher-1.3.1.jar:1.3.1]
	at org.apache.maven.surefire.junitplatform.JUnitPlatformProvider.invokeAllTests(JUnitPlatformProvider.java:150) ~[surefire-junit-platform-2.22.2.jar:2.22.2]
	at org.apache.maven.surefire.junitplatform.JUnitPlatformProvider.invoke(JUnitPlatformProvider.java:124) ~[surefire-junit-platform-2.22.2.jar:2.22.2]
	at org.apache.maven.surefire.booter.ForkedBooter.invokeProviderInSameClassLoader(ForkedBooter.java:384) ~[surefire-booter-2.22.2.jar:2.22.2]
	at org.apache.maven.surefire.booter.ForkedBooter.runSuitesInProcess(ForkedBooter.java:345) ~[surefire-booter-2.22.2.jar:2.22.2]
	at org.apache.maven.surefire.booter.ForkedBooter.execute(ForkedBooter.java:126) ~[surefire-booter-2.22.2.jar:2.22.2]
	at org.apache.maven.surefire.booter.ForkedBooter.main(ForkedBooter.java:418) ~[surefire-booter-2.22.2.jar:2.22.2]
Caused by: org.springframework.beans.factory.BeanCreationException: Error creating bean with name 'bootstrapImportSelectorConfiguration': Initialization of bean failed; nested exception is java.lang.NoClassDefFoundError: org/springframework/boot/context/properties/ConfigurationPropertiesBean
	at org.springframework.beans.factory.support.AbstractAutowireCapableBeanFactory.doCreateBean(AbstractAutowireCapableBeanFactory.java:601) ~[spring-beans-5.2.0.M2.jar:5.2.0.M2]
	at org.springframework.beans.factory.support.AbstractAutowireCapableBeanFactory.createBean(AbstractAutowireCapableBeanFactory.java:515) ~[spring-beans-5.2.0.M2.jar:5.2.0.M2]
	at org.springframework.beans.factory.support.AbstractBeanFactory.lambda$doGetBean$0(AbstractBeanFactory.java:320) ~[spring-beans-5.2.0.M2.jar:5.2.0.M2]
	at org.springframework.beans.factory.support.DefaultSingletonBeanRegistry.getSingleton(DefaultSingletonBeanRegistry.java:222) ~[spring-beans-5.2.0.M2.jar:5.2.0.M2]
	at org.springframework.beans.factory.support.AbstractBeanFactory.doGetBean(AbstractBeanFactory.java:318) ~[spring-beans-5.2.0.M2.jar:5.2.0.M2]
	at org.springframework.beans.factory.support.AbstractBeanFactory.getBean(AbstractBeanFactory.java:199) ~[spring-beans-5.2.0.M2.jar:5.2.0.M2]
	at org.springframework.beans.factory.support.DefaultListableBeanFactory.preInstantiateSingletons(DefaultListableBeanFactory.java:868) ~[spring-beans-5.2.0.M2.jar:5.2.0.M2]
	at org.springframework.context.support.AbstractApplicationContext.finishBeanFactoryInitialization(AbstractApplicationContext.java:877) ~[spring-context-5.2.0.M2.jar:5.2.0.M2]
	at org.springframework.context.support.AbstractApplicationContext.refresh(AbstractApplicationContext.java:549) ~[spring-context-5.2.0.M2.jar:5.2.0.M2]
	at org.springframework.boot.SpringApplication.refresh(SpringApplication.java:782) ~[spring-boot-2.2.0.M3.jar:2.2.0.M3]
	at org.springframework.boot.SpringApplication.refreshContext(SpringApplication.java:404) ~[spring-boot-2.2.0.M3.jar:2.2.0.M3]
	at org.springframework.boot.SpringApplication.run(SpringApplication.java:319) ~[spring-boot-2.2.0.M3.jar:2.2.0.M3]
	at org.springframework.boot.builder.SpringApplicationBuilder.run(SpringApplicationBuilder.java:139) ~[spring-boot-2.2.0.M3.jar:2.2.0.M3]
	at org.springframework.cloud.bootstrap.BootstrapApplicationListener.bootstrapServiceContext(BootstrapApplicationListener.java:206) ~[spring-cloud-context-2.2.0.BUILD-SNAPSHOT.jar:2.2.0.BUILD-SNAPSHOT]
	at org.springframework.cloud.bootstrap.BootstrapApplicationListener.onApplicationEvent(BootstrapApplicationListener.java:117) ~[spring-cloud-context-2.2.0.BUILD-SNAPSHOT.jar:2.2.0.BUILD-SNAPSHOT]
	at org.springframework.cloud.bootstrap.BootstrapApplicationListener.onApplicationEvent(BootstrapApplicationListener.java:74) ~[spring-cloud-context-2.2.0.BUILD-SNAPSHOT.jar:2.2.0.BUILD-SNAPSHOT]
	at org.springframework.context.event.SimpleApplicationEventMulticaster.doInvokeListener(SimpleApplicationEventMulticaster.java:172) ~[spring-context-5.2.0.M2.jar:5.2.0.M2]
	at org.springframework.context.event.SimpleApplicationEventMulticaster.invokeListener(SimpleApplicationEventMulticaster.java:165) ~[spring-context-5.2.0.M2.jar:5.2.0.M2]
	at org.springframework.context.event.SimpleApplicationEventMulticaster.multicastEvent(SimpleApplicationEventMulticaster.java:139) ~[spring-context-5.2.0.M2.jar:5.2.0.M2]
	at org.springframework.context.event.SimpleApplicationEventMulticaster.multicastEvent(SimpleApplicationEventMulticaster.java:127) ~[spring-context-5.2.0.M2.jar:5.2.0.M2]
	at org.springframework.boot.context.event.EventPublishingRunListener.environmentPrepared(EventPublishingRunListener.java:75) ~[spring-boot-2.2.0.M3.jar:2.2.0.M3]
	at org.springframework.boot.SpringApplicationRunListeners.environmentPrepared(SpringApplicationRunListeners.java:54) ~[spring-boot-2.2.0.M3.jar:2.2.0.M3]
	at org.springframework.boot.SpringApplication.prepareEnvironment(SpringApplication.java:350) ~[spring-boot-2.2.0.M3.jar:2.2.0.M3]
	at org.springframework.boot.SpringApplication.run(SpringApplication.java:309) ~[spring-boot-2.2.0.M3.jar:2.2.0.M3]
	at org.springframework.boot.test.context.SpringBootContextLoader.loadContext(SpringBootContextLoader.java:132) ~[spring-boot-test-2.2.0.M3.jar:2.2.0.M3]
	at org.springframework.test.context.cache.DefaultCacheAwareContextLoaderDelegate.loadContextInternal(DefaultCacheAwareContextLoaderDelegate.java:99) ~[spring-test-5.2.0.M2.jar:5.2.0.M2]
	at org.springframework.test.context.cache.DefaultCacheAwareContextLoaderDelegate.loadContext(DefaultCacheAwareContextLoaderDelegate.java:124) ~[spring-test-5.2.0.M2.jar:5.2.0.M2]
	... 65 common frames omitted
Caused by: java.lang.NoClassDefFoundError: org/springframework/boot/context/properties/ConfigurationPropertiesBean
	at org.springframework.cloud.context.properties.ConfigurationPropertiesBeans.postProcessBeforeInitialization(ConfigurationPropertiesBeans.java:94) ~[spring-cloud-context-2.2.0.BUILD-SNAPSHOT.jar:2.2.0.BUILD-SNAPSHOT]
	at org.springframework.beans.factory.support.AbstractAutowireCapableBeanFactory.applyBeanPostProcessorsBeforeInitialization(AbstractAutowireCapableBeanFactory.java:414) ~[spring-beans-5.2.0.M2.jar:5.2.0.M2]
	at org.springframework.beans.factory.support.AbstractAutowireCapableBeanFactory.initializeBean(AbstractAutowireCapableBeanFactory.java:1775) ~[spring-beans-5.2.0.M2.jar:5.2.0.M2]
	at org.springframework.beans.factory.support.AbstractAutowireCapableBeanFactory.doCreateBean(AbstractAutowireCapableBeanFactory.java:593) ~[spring-beans-5.2.0.M2.jar:5.2.0.M2]
	... 91 common frames omitted
Caused by: java.lang.ClassNotFoundException: org.springframework.boot.context.properties.ConfigurationPropertiesBean
	at java.base/jdk.internal.loader.BuiltinClassLoader.loadClass(BuiltinClassLoader.java:583) ~[na:na]
	at java.base/jdk.internal.loader.ClassLoaders$AppClassLoader.loadClass(ClassLoaders.java:178) ~[na:na]
	at java.base/java.lang.ClassLoader.loadClass(ClassLoader.java:521) ~[na:na]
	... 95 common frames omitted

]]></system-out>
  </testcase>
</testsuite>